##############################
##
##   ,---
##   | Phone Info
##   '---
##   Phone model:  Nexus 5
##   Device name:  hammerhead
##   Mod version:  12.1-20160704-UNOFFICIAL-hammerhead [LMY49J]
##   OS version:   SailfishOS 2.0.4.14 (Fiskarsinjoki) (armv7hl)
##   Install Type: multirom
##
##   ,---
##   | Current Phone Settings
##   '---
##   CPU Managment:  custom (blu_plug msm_mpdecision)
##   Min/Max Freq:   249000*/1574000*
##   Voltage Table:  modified
##   CPU Governor:   conservative
##   *(may be handled by custom CPU managment)
##   !(WARNING: more than one cpu manager enabled)
##
##   Cell Provider:  Sunrise
##   Mobile Data:    enabled/disconnected
##   Wireless:       enabled/connected
##   Bluetooth:      disabled/disconnected
##   GPS Receiver:   disabled/disconnected
##
##   ,---
##   | Running Applications
##   '---
##   /usr/bin/jolla-email -fullscreen
##   /usr/bin/jolla-camera
##   /usr/bin/jolla-calendar -prestart
##   /usr/bin/jolla-mediaplayer -prestart
##   /usr/bin/sailfish-browser -prestart
##   /usr/bin/harbour-callrecorderd
##   /usr/bin/harbour-sailorgram -daemon
##   /usr/bin/harbour-fahrplan2
##
##   ,---
##   | Power Statistics (Duration: 60min.) [Start: 2016-12-01-20h30m11s]
##   '---
##   below 30mV: 18% (320 polls)
##   ##################
##   below 40mV: 37% (672 polls)
##   #####################################
##   below 50mV: 6% (107 polls)
##   ######
##   below 60mV: 1% (18 polls)
##   #
##   below 70mV: 2% (27 polls)
##   ##
##   below 80mV: 3% (51 polls)
##   ###
##   below 90mV: 7% (128 polls)
##   #######
##   below 100mV: 6% (111 polls)
##   ######
##   below 110mV: 2% (37 polls)
##   ##
##   below 120mV: 1% (20 polls)
##   #
##   below 130mV: 1% (21 polls)
##   #
##   below 140mV: 1% (24 polls)
##   #
##   below 150mV: 1% (16 polls)
##   #
##   below 160mV: 2% (38 polls)
##   ##
##   below 170mV: 2% (34 polls)
##   ##
##   below 180mV: 2% (27 polls)
##   ##
##   below 190mV: 1% (13 polls)
##   #
##   below 200mV: 1% (18 polls)
##   #
##   below 210mV: 1% (24 polls)
##   #
##   below 220mV: 1% (13 polls)
##   #
##   below 230mV: 1% (10 polls)
##   #
##   below 240mV: 1% (12 polls)
##   #
##   below 250mV: 1% (10 polls)
##   #
##   below 260mV: 0% (5 polls)
##   #
##   below 270mV: 0% (1 polls)
##   #
##   below 280mV: 0% (4 polls)
##   #
##   below 290mV: 0% (1 polls)
##   #
##   below 300mV: 0% (8 polls)
##   #
##   below 310mV: 0% (4 polls)
##   #
##   below 320mV: 0% (2 polls)
##   #
##   below 330mV: 0% (4 polls)
##   #
##   below 340mV: 0% (3 polls)
##   #
##   below 350mV: 0% (2 polls)
##   #
##   below 360mV: 0% (1 polls)
##   #
##   below 370mV: 0% (3 polls)
##   #
##   below 380mV: 0% (1 polls)
##   #
##   below 390mV: 0% (4 polls)
##   #
##   below 420mV: 0% (1 polls)
##   #
##   below 460mV: 0% (1 polls)
##   #
##   below 480mV: 0% (1 polls)
##   #
##   below 540mV: 0% (1 polls)
##   #
##   below 860mV: 0% (1 polls)
##   #
##   below 940mV: 0% (1 polls)
##   #
##
##   ,---
##   | Raw Poll Data
##   '---
##   You can find the Raw measurement data at the end of this report.
##   If the poll is higher than 60mV, the most active process is logged.
##
##   This file can be plotted as graphic with gnuplot.
##
##   EXAMPLE:
##   gnuplot> set xdata time
##   gnuplot> set timefmt "%H:%M:%S"
##   gnuplot> plot "powerstats-report_2016-11-29-19h37m40s_idle" using 1:2
##
##############################
20:30:12 99788 /usr/bin/harbour-sailorgram -daemon
20:30:14 93049 /usr/bin/harbour-sailorgram -daemon
20:30:16 49626
20:30:18 28128
20:30:20 94333 /usr/bin/harbour-sailorgram -daemon
20:30:22 36685
20:30:25 28769
20:30:27 33048
20:30:29 34225
20:30:31 29947
20:30:33 29304
20:30:35 29304
20:30:37 33048
20:30:39 29947
20:30:41 29304
20:30:43 34225
20:30:45 36149
20:30:47 33048
20:30:49 88771 /usr/bin/harbour-sailorgram -daemon /usr/bin/jolla-camera
20:30:52 34866
20:30:54 47701
20:30:56 31230
20:30:58 32406
20:31:00 33690
20:31:02 29947
20:31:04 29304
20:31:06 79573 /usr/bin/harbour-sailorgram -daemon /usr/bin/jolla-camera
20:31:09 29304
20:31:11 85776 /usr/bin/harbour-sailorgram -daemon
20:31:13 31230
20:31:15 28128
20:31:17 27486
20:31:19 28769
20:31:21 26310
20:31:23 36149
20:31:26 31230
20:31:28 31230
20:31:30 89520 /usr/bin/harbour-sailorgram -daemon
20:31:32 31871
20:31:34 32406
20:31:36 36149
20:31:38 32406
20:31:40 120751 /usr/bin/harbour-sailorgram -daemon /usr/bin/jolla-camera
20:31:43 29412
20:31:45 87060 /usr/bin/harbour-sailorgram -daemon
20:31:47 34331
20:31:49 104815 /usr/bin/harbour-sailorgram -daemon /usr/bin/jolla-camera
20:31:52 30588
20:31:54 31871
20:31:56 30588
20:31:58 34866
20:32:00 96258 /usr/bin/harbour-sailorgram -daemon
20:32:02 82140 /usr/bin/harbour-sailorgram -daemon /usr/bin/jolla-camera
20:32:05 44065
20:32:07 34331
20:32:09 29947
20:32:11 29947
20:32:13 31230
20:32:15 29947
20:32:17 25668
20:32:19 25668
20:32:21 90697 /usr/bin/harbour-sailorgram -daemon /usr/bin/jolla-camera
20:32:24 28769
20:32:26 25668
20:32:28 29412
20:32:30 28128
20:32:32 29947
20:32:34 30588
20:32:36 58824
20:32:38 32406
20:32:40 33048
20:32:42 30588
20:32:44 31230
20:32:46 26310
20:32:48 31230
20:32:51 83959 /usr/bin/harbour-sailorgram -daemon
20:32:53 29412
20:32:55 36792
20:32:57 29947
20:32:59 33048
20:33:01 37968
20:33:03 30588
20:33:05 52727
20:33:07 55188
20:33:09 33690
20:33:11 33048
20:33:14 26310
20:33:16 87060 /usr/bin/harbour-sailorgram -daemon
20:33:18 29947
20:33:20 31871
20:33:22 32406
20:33:24 29412
20:33:26 28128
20:33:28 30588
20:33:30 83317 /usr/bin/harbour-sailorgram -daemon /usr/bin/jolla-camera
20:33:33 26952
20:33:35 130591 /usr/bin/harbour-sailorgram -daemon
20:33:37 31871
20:33:39 28769
20:33:41 27593
20:33:43 28769
20:33:46 28128
20:33:48 30588
20:33:50 32406
20:33:52 28769
20:33:54 31871
20:33:56 91980 /usr/bin/harbour-sailorgram -daemon
20:33:58 28128
20:34:00 33690
20:34:02 69199 /usr/bin/harbour-sailorgram -daemon /usr/bin/jolla-camera
20:34:05 29412
20:34:07 81498 /usr/bin/harbour-sailorgram -daemon
20:34:09 26310
20:34:11 71123 /usr/bin/harbour-sailorgram -daemon /usr/bin/jolla-camera
20:34:14 34866
20:34:16 63744 /usr/bin/harbour-sailorgram -daemon
20:34:18 29947
20:34:20 72300 /usr/bin/harbour-sailorgram -daemon /usr/bin/jolla-camera
20:34:23 29412
20:34:25 83317 /usr/bin/harbour-sailorgram -daemon
20:34:27 31230
20:34:29 28769
20:34:31 86418 /usr/bin/harbour-sailorgram -daemon /usr/bin/jolla-camera
20:34:34 34866
20:34:36 31871
20:34:38 28769
20:34:40 29947
20:34:42 31871
20:34:44 72300 /usr/bin/harbour-sailorgram -daemon
20:34:46 83317 /usr/bin/harbour-sailorgram -daemon /usr/bin/jolla-camera
20:34:49 27593
20:34:51 29412
20:34:53 29412
20:34:55 36792
20:34:57 32406
20:34:59 36149
20:35:01 31230
20:35:03 29412
20:35:05 28769
20:35:07 42246
20:35:09 29947
20:35:11 85776 /usr/bin/harbour-sailorgram -daemon
20:35:14 29412
20:35:16 28769
20:35:18 145885 /usr/bin/harbour-sailorgram -daemon
20:35:20 90054 /usr/bin/harbour-sailorgram -daemon /usr/bin/jolla-camera
20:35:23 45348
20:35:25 33048
20:35:27 50267
20:35:29 31230
20:35:31 30588
20:35:33 87702 /usr/bin/harbour-sailorgram -daemon
20:35:35 28769
20:35:37 31230
20:35:40 29947
20:35:42 77862 /usr/bin/harbour-sailorgram -daemon
20:35:44 27593
20:35:46 109734 /usr/bin/harbour-sailorgram -daemon
20:35:48 28769
20:35:51 29947
20:35:53 29412
20:35:55 27593
20:35:57 26952
20:35:59 26952
20:36:01 30588
20:36:03 30588
20:36:05 32406
20:36:07 85776 /usr/bin/harbour-sailorgram -daemon
20:36:09 85776 /usr/bin/harbour-sailorgram -daemon
20:36:12 37968
20:36:14 30588
20:36:16 30588
20:36:18 32406
20:36:20 32514
20:36:22 90804 /usr/bin/harbour-sailorgram -daemon
20:36:25 40428
20:36:27 33048
20:36:29 29412
20:36:31 33048
20:36:33 91445 /usr/bin/harbour-sailorgram -daemon
20:36:35 87167 /usr/bin/harbour-sailorgram -daemon /usr/bin/jolla-camera
20:36:38 33048
20:36:40 33690
20:36:42 30053
20:36:44 28769
20:36:46 30588
20:36:48 30588
20:36:50 33048
20:36:52 90162 /usr/bin/harbour-sailorgram -daemon
20:36:54 30588
20:36:56 34973
20:36:59 74225 /usr/bin/harbour-sailorgram -daemon
20:37:01 33690
20:37:03 51551
20:37:05 31230
20:37:07 32514
20:37:09 31230
20:37:11 34331
20:37:13 32514
20:37:15 33690
20:37:17 93263 /usr/bin/harbour-sailorgram -daemon
20:37:20 30588
20:37:22 32514
20:37:24 115938 /usr/bin/harbour-sailorgram -daemon
20:37:26 33048
20:37:28 33690
20:37:31 30588
20:37:33 95082 /usr/bin/harbour-sailorgram -daemon
20:37:35 37433
20:37:37 35508
20:37:39 34973
20:37:41 32514
20:37:43 42887
20:37:45 34331
20:37:47 33048
20:37:49 33690
20:37:52 122141 /usr/bin/harbour-sailorgram -daemon
20:37:54 79787 /usr/bin/harbour-sailorgram -daemon
20:37:56 32514
20:37:58 79146 /usr/bin/harbour-sailorgram -daemon /usr/bin/jolla-camera
20:38:01 292733 /usr/lib/buteo-plugins-qt5//oopp/facebook-signon-client facebook-signon facebook.Signon-3 /usr/lib/buteo-plugins-qt5//oopp/syncemail-client syncemail syncemail-4
20:38:03 304499 /usr/lib/buteo-plugins-qt5//oopp/twitter-notifications-client twitter-notifications twitter.Notifications-7 /usr/lib/buteo-plugins-qt5//oopp/facebook-notifications-client facebook-notifications facebook.Notifications-3
20:38:05 136259 /usr/lib/buteo-plugins-qt5//oopp/twitter-posts-client twitter-posts twitter.Posts-7 /usr/lib/buteo-plugins-qt5//oopp/twitter-notifications-client twitter-notifications twitter.Notifications-7
20:38:07 79787 /usr/bin/nemo-transfer-engine /usr/bin/harbour-sailorgram -daemon
20:38:10 115403 /usr/lib/buteo-plugins-qt5//oopp/twitter-posts-client twitter-posts twitter.Posts-7
20:38:12 244925 /usr/lib/buteo-plugins-qt5//oopp/twitter-notifications-client twitter-notifications twitter.Notifications-7 /usr/lib/buteo-plugins-qt5//oopp/twitter-posts-client twitter-posts twitter.Posts-7
20:38:14 99360 /usr/bin/harbour-sailorgram -daemon
20:38:16 45348
20:38:18 35508
20:38:20 69947 /usr/bin/harbour-sailorgram -daemon /usr/bin/jolla-camera
20:38:23 36792
20:38:25 67487 /usr/bin/harbour-sailorgram -daemon
20:38:27 39893
20:38:29 86526 /usr/bin/harbour-sailorgram -daemon /usr/bin/jolla-camera
20:38:32 33690
20:38:34 64385 /usr/bin/harbour-sailorgram -daemon
20:38:36 33048
20:38:38 95723 /usr/bin/harbour-sailorgram -daemon /usr/bin/jolla-camera
20:38:41 34331
20:38:43 34331
20:38:45 42353
20:38:47 39251
20:38:49 37433
20:38:51 36792
20:38:53 35508
20:38:55 33048
20:38:57 34973
20:38:59 33690
20:39:01 47808
20:39:03 96899 /usr/bin/harbour-sailorgram -daemon /usr/bin/jolla-camera
20:39:06 61926 /usr/bin/harbour-sailorgram -daemon
20:39:08 87167 /usr/bin/harbour-sailorgram -daemon
20:39:10 35508
20:39:13 44813
20:39:15 32514
20:39:17 30588
20:39:19 30588
20:39:21 33048
20:39:23 36792
20:39:25 87167 /usr/bin/harbour-sailorgram -daemon
20:39:28 75509 /usr/bin/harbour-sailorgram -daemon
20:39:30 33048
20:39:32 32514
20:39:34 49091
20:39:36 33690
20:39:38 31871
20:39:40 88343 /usr/bin/harbour-sailorgram -daemon
20:39:42 35508
20:39:45 34973
20:39:47 32514
20:39:49 33690
20:39:51 32514
20:39:53 37433
20:39:55 86526 /usr/bin/harbour-sailorgram -daemon
20:39:57 30053
20:39:59 36792
20:40:01 38609
20:40:04 38609
20:40:06 32514
20:40:08 41070
20:40:10 45348
20:40:12 25775
20:40:14 31871
20:40:16 33048
20:40:18 33690
20:40:20 93263 /usr/bin/harbour-sailorgram -daemon
20:40:22 90804 /usr/bin/harbour-sailorgram -daemon
20:40:25 101285 /usr/bin/harbour-sailorgram -daemon
20:40:27 33048
20:40:29 112943 /usr/bin/harbour-sailorgram -daemon /usr/bin/jolla-camera
20:40:32 97542 /usr/bin/harbour-sailorgram -daemon
20:40:34 90804 /usr/bin/harbour-sailorgram -daemon
20:40:36 322253 /usr/bin/harbour-sailorgram -daemon
20:40:39 77862 /usr/bin/harbour-sailorgram -daemon
20:40:41 372629 /usr/bin/harbour-sailorgram -daemon
20:40:43 236904 /usr/bin/harbour-sailorgram -daemon
20:40:45 328349 /usr/bin/harbour-sailorgram -daemon /usr/bin/jolla-camera
20:40:48 246742 /usr/bin/harbour-sailorgram -daemon
20:40:50 201850 /usr/bin/harbour-sailorgram -daemon
20:40:52 157066 /usr/bin/harbour-sailorgram -daemon
20:40:54 207422 /usr/bin/harbour-sailorgram -daemon /usr/bin/jolla-camera
20:40:57 198850 /usr/bin/harbour-sailorgram -daemon
20:40:59 173672 /usr/bin/harbour-sailorgram -daemon
20:41:01 197565 /usr/bin/harbour-sailorgram -daemon
20:41:03 185351 /usr/bin/harbour-sailorgram -daemon /usr/bin/jolla-camera
20:41:06 223385 /usr/bin/harbour-sailorgram -daemon
20:41:08 202493 /usr/bin/harbour-sailorgram -daemon
20:41:10 168101 /usr/bin/harbour-sailorgram -daemon /usr/bin/jolla-camera
20:41:13 157066 /usr/bin/harbour-sailorgram -daemon
20:41:15 159529 /usr/bin/harbour-sailorgram -daemon
20:41:17 180422 /usr/bin/harbour-sailorgram -daemon
20:41:20 225850 /usr/bin/harbour-sailorgram -daemon
20:41:22 293562 /usr/bin/harbour-sailorgram -daemon /usr/bin/jolla-camera
20:41:25 226599 /usr/bin/harbour-sailorgram -daemon
20:41:27 179244 /usr/bin/harbour-sailorgram -daemon
20:41:29 174422 /usr/bin/harbour-sailorgram -daemon /usr/bin/jolla-camera
20:41:31 160280 /usr/bin/harbour-sailorgram -daemon /usr/bin/jolla-camera
20:41:34 230885 /usr/bin/harbour-sailorgram -daemon
20:41:36 178708 /usr/bin/harbour-sailorgram -daemon
20:41:38 248027 /usr/bin/harbour-sailorgram -daemon
20:41:41 369095 /usr/bin/harbour-sailorgram -daemon
20:41:43 272027 /usr/bin/harbour-sailorgram -daemon /usr/bin/jolla-camera
20:41:45 367809 /usr/bin/harbour-sailorgram -daemon /usr/bin/jolla-camera
20:41:47 246206 /usr/bin/harbour-sailorgram -daemon /usr/bin/jolla-camera
20:41:50 208814 /usr/bin/harbour-sailorgram -daemon
20:41:52 167030 /usr/bin/harbour-sailorgram -daemon
20:41:54 198958 /usr/bin/harbour-sailorgram -daemon
20:41:56 243206 /usr/bin/harbour-sailorgram -daemon
20:41:58 190922 /usr/bin/harbour-sailorgram -daemon /usr/bin/jolla-camera
20:42:01 158994 /usr/bin/harbour-sailorgram -daemon
20:42:03 169493 /usr/bin/harbour-sailorgram -daemon
20:42:05 165744 /usr/bin/harbour-sailorgram -daemon /usr/bin/jolla-camera
20:42:08 175601 /usr/bin/harbour-sailorgram -daemon
20:42:10 199600 /usr/bin/harbour-sailorgram -daemon
20:42:12 158994 /usr/bin/harbour-sailorgram -daemon /usr/bin/jolla-camera
20:42:15 160280 /usr/bin/harbour-sailorgram -daemon
20:42:17 180529 /usr/bin/harbour-sailorgram -daemon
20:42:19 202064 /usr/bin/harbour-sailorgram -daemon /usr/bin/jolla-camera
20:42:22 236992 /usr/bin/harbour-sailorgram -daemon
20:42:25 213636 /usr/bin/harbour-sailorgram -daemon
20:42:27 215564 /usr/bin/harbour-sailorgram -daemon
20:42:29 158994 /usr/bin/harbour-sailorgram -daemon
20:42:32 162745 /usr/bin/harbour-sailorgram -daemon
20:42:34 252955 /usr/bin/harbour-sailorgram -daemon
20:42:36 178065 /usr/bin/harbour-sailorgram -daemon /usr/bin/jolla-camera
20:42:39 172494 /usr/bin/harbour-sailorgram -daemon
20:42:41 155995 /usr/bin/harbour-sailorgram -daemon
20:42:43 255420 /usr/bin/harbour-sailorgram -daemon /usr/bin/jolla-camera
20:42:45 250492 /usr/bin/harbour-sailorgram -daemon
20:42:48 195851 /usr/bin/harbour-sailorgram -daemon
20:42:50 163280 /usr/bin/harbour-sailorgram -daemon
20:42:52 158458 /usr/bin/harbour-sailorgram -daemon
20:42:54 251134 /usr/bin/harbour-sailorgram -daemon /usr/bin/jolla-camera
20:42:57 160816 /usr/bin/harbour-sailorgram -daemon
20:42:59 232064 /usr/bin/harbour-sailorgram -daemon
20:43:01 149780 /usr/bin/harbour-sailorgram -daemon
20:43:03 183636 /usr/bin/harbour-sailorgram -daemon
20:43:06 163923 /usr/bin/harbour-sailorgram -daemon
20:43:08 189101 /usr/bin/harbour-sailorgram -daemon /usr/bin/jolla-camera
20:43:11 216742 /usr/bin/harbour-sailorgram -daemon
20:43:13 212457 /usr/bin/harbour-sailorgram -daemon
20:43:15 181172 /usr/bin/harbour-sailorgram -daemon /usr/bin/jolla-camera
20:43:18 218564 /usr/bin/harbour-sailorgram -daemon
20:43:20 209349 /usr/bin/harbour-sailorgram -daemon
20:43:22 302133 /usr/bin/harbour-sailorgram -daemon
20:43:25 195207 /usr/bin/harbour-sailorgram -daemon
20:43:27 202600 /usr/bin/harbour-sailorgram -daemon
20:43:29 178065 /usr/bin/harbour-sailorgram -daemon /usr/bin/jolla-camera
20:43:32 157815 /usr/bin/harbour-sailorgram -daemon
20:43:34 198958 /usr/bin/harbour-sailorgram -daemon
20:43:36 202600 /usr/bin/harbour-sailorgram -daemon /usr/bin/jolla-camera
20:43:39 235171 /usr/bin/harbour-sailorgram -daemon
20:43:41 158458 /usr/bin/harbour-sailorgram -daemon
20:43:43 227242 /usr/bin/harbour-sailorgram -daemon
20:43:46 254241 /usr/bin/harbour-sailorgram -daemon
20:43:48 197672 /usr/bin/harbour-sailorgram -daemon
20:43:50 208171 /usr/bin/harbour-sailorgram -daemon
20:43:52 171958 /usr/bin/harbour-sailorgram -daemon
20:43:54 264634 /usr/bin/harbour-sailorgram -daemon
20:43:57 211278 /usr/bin/harbour-sailorgram -daemon
20:43:59 161458 /usr/bin/harbour-sailorgram -daemon
20:44:01 184172 /usr/bin/harbour-sailorgram -daemon /usr/bin/jolla-camera
20:44:04 164565 /usr/bin/harbour-sailorgram -daemon
20:44:06 173780 /usr/bin/harbour-sailorgram -daemon
20:44:08 157815 /usr/bin/harbour-sailorgram -daemon
20:44:11 166386 /usr/bin/harbour-sailorgram -daemon
20:44:13 154066 /usr/bin/harbour-sailorgram -daemon /usr/bin/jolla-camera
20:44:16 155995 /usr/bin/harbour-sailorgram -daemon
20:44:18 163923 /usr/bin/harbour-sailorgram -daemon
20:44:20 176243 /usr/bin/harbour-sailorgram -daemon /usr/bin/jolla-camera
20:44:23 366631 /usr/bin/harbour-sailorgram -daemon
20:44:25 196493 /usr/bin/harbour-sailorgram -daemon
20:44:27 166386 /usr/bin/harbour-sailorgram -daemon /usr/bin/jolla-camera
20:44:29 175601 /usr/bin/harbour-sailorgram -daemon
20:44:32 188458 /usr/bin/harbour-sailorgram -daemon
20:44:34 167030 /usr/bin/harbour-sailorgram -daemon
20:44:37 165744 /usr/bin/harbour-sailorgram -daemon
20:44:39 160816 /usr/bin/harbour-sailorgram -daemon
20:44:41 202600 /usr/bin/harbour-sailorgram -daemon /usr/bin/jolla-camera
20:44:44 203886 /usr/bin/harbour-sailorgram -daemon
20:44:46 246206 /usr/bin/harbour-sailorgram -daemon
20:44:49 216099 /usr/bin/harbour-sailorgram -daemon
20:44:51 195207 /usr/bin/harbour-sailorgram -daemon
20:44:53 160816 /usr/bin/harbour-sailorgram -daemon
20:44:56 296561 /usr/bin/harbour-sailorgram -daemon
20:44:58 209349 /usr/bin/harbour-sailorgram -daemon
20:45:00 163280 /usr/bin/harbour-sailorgram -daemon
20:45:02 178708 /usr/bin/harbour-sailorgram -daemon /usr/bin/jolla-camera
20:45:05 171315 /usr/bin/harbour-sailorgram -daemon
20:45:07 165744 /usr/bin/harbour-sailorgram -daemon
20:45:09 171958 /usr/bin/harbour-sailorgram -daemon /usr/bin/jolla-camera
20:45:12 164565 /usr/bin/harbour-sailorgram -daemon
20:45:14 154066 /usr/bin/harbour-sailorgram -daemon
20:45:16 151601 /usr/bin/harbour-sailorgram -daemon
20:45:19 149780 /usr/bin/harbour-sailorgram -daemon
20:45:21 155995 /usr/bin/harbour-sailorgram -daemon
20:45:24 235171 /usr/bin/harbour-sailorgram -daemon
20:45:26 154066 /usr/bin/harbour-sailorgram -daemon
20:45:28 151066 /usr/bin/harbour-sailorgram -daemon
20:45:30 152245 /usr/bin/harbour-sailorgram -daemon
20:45:32 149245 /usr/bin/harbour-sailorgram -daemon
20:45:35 159637 /usr/bin/harbour-sailorgram -daemon
20:45:37 155995 /usr/bin/harbour-sailorgram -daemon /usr/bin/jolla-camera
20:45:40 143673 /usr/bin/harbour-sailorgram -daemon
20:45:42 176779 /usr/bin/harbour-sailorgram -daemon
20:45:45 199600 /usr/bin/harbour-sailorgram -daemon
20:45:47 314990 /usr/bin/harbour-sailorgram -daemon /usr/bin/jolla-camera
20:45:50 155351 /usr/bin/harbour-sailorgram -daemon
20:45:52 149245 /usr/bin/harbour-sailorgram -daemon
20:45:54 153530 /usr/bin/harbour-sailorgram -daemon
20:45:57 283705 /usr/bin/harbour-sailorgram -daemon
20:45:59 203243 /usr/bin/harbour-sailorgram -daemon
20:46:01 198314 /usr/bin/harbour-sailorgram -daemon /usr/bin/jolla-camera
20:46:03 385701 /usr/bin/harbour-sailorgram -daemon /usr/bin/jolla-camera
20:46:06 136923 /usr/bin/harbour-sailorgram -daemon
20:46:08 140030 /usr/bin/harbour-sailorgram -daemon
20:46:11 140566 /usr/bin/harbour-sailorgram -daemon
20:46:13 163923 /usr/bin/harbour-sailorgram -daemon
20:46:15 139388 /usr/bin/harbour-sailorgram -daemon /usr/bin/jolla-camera
20:46:18 140030 /usr/bin/harbour-sailorgram -daemon
20:46:20 131995 /usr/bin/harbour-sailorgram -daemon
20:46:22 204850 /usr/bin/harbour-sailorgram -daemon /usr/bin/jolla-camera
20:46:25 199921 /usr/bin/harbour-sailorgram -daemon
20:46:27 143459 /usr/bin/harbour-sailorgram -daemon
20:46:29 128781 /usr/bin/harbour-sailorgram -daemon
20:46:31 139816 /usr/bin/harbour-sailorgram -daemon /usr/bin/jolla-camera
20:46:34 135531 /usr/bin/harbour-sailorgram -daemon
20:46:36 138530 /usr/bin/harbour-sailorgram -daemon
20:46:38 133066 /usr/bin/harbour-sailorgram -daemon /usr/bin/jolla-camera
20:46:41 123209 /usr/bin/harbour-sailorgram -daemon
20:46:43 332453 /usr/bin/harbour-sailorgram -daemon
20:46:45 177850 /usr/bin/harbour-sailorgram -daemon /usr/bin/jolla-camera
20:46:47 352702 /usr/bin/harbour-sailorgram -daemon
20:46:50 233027 /usr/bin/harbour-sailorgram -daemon
20:46:52 128781 /usr/bin/harbour-sailorgram -daemon
20:46:54 171744 /usr/bin/harbour-sailorgram -daemon
20:46:56 147209 /usr/bin/harbour-sailorgram -daemon /usr/bin/jolla-camera
20:46:59 180315 /usr/bin/harbour-sailorgram -daemon
20:47:01 28819
20:47:03 42319
20:47:05 28819
20:47:07 30641
20:47:09 28819
20:47:11 34284
20:47:13 29355
20:47:15 25712
20:47:18 92568 /usr/bin/harbour-sailorgram -daemon
20:47:20 26891
20:47:22 25712
20:47:24 26891
20:47:26 28819
20:47:28 25712
20:47:30 32462
20:47:32 29355
20:47:34 26891
20:47:37 27534
20:47:39 27534
20:47:41 31819
20:47:43 37391
20:47:45 73604 /usr/bin/harbour-sailorgram -daemon
20:47:47 24534
20:47:49 91389 /usr/bin/harbour-sailorgram -daemon /usr/bin/jolla-camera
20:47:52 79711 /usr/bin/harbour-sailorgram -daemon
20:47:54 87639 /usr/bin/harbour-sailorgram -daemon
20:47:56 29998
20:47:58 26356
20:48:00 29998
20:48:02 28177
20:48:04 28177
20:48:07 39855
20:48:09 27534
20:48:11 28177
20:48:13 26356
20:48:15 27534
20:48:17 31819
20:48:19 27534
20:48:21 26356
20:48:23 28819
20:48:25 23891
20:48:27 26356
20:48:29 45319
20:48:31 26356
20:48:33 29355
20:48:36 28819
20:48:38 29998
20:48:40 31177
20:48:42 119567 /usr/bin/harbour-sailorgram -daemon
20:48:44 24534
20:48:46 31177
20:48:48 44141
20:48:50 28819
20:48:52 26356
20:48:54 87639 /usr/bin/harbour-sailorgram -daemon
20:48:57 28819
20:48:59 28177
20:49:01 25069
20:49:03 139174 /usr/bin/harbour-sailorgram -daemon
20:49:05 168637 /usr/bin/harbour-sailorgram -daemon /usr/bin/jolla-camera
20:49:07 160709 /usr/bin/harbour-sailorgram -daemon /usr/bin/jolla-camera
20:49:10 934792 /usr/bin/harbour-sailorgram -daemon
20:49:12 204208 /usr/bin/harbour-sailorgram -daemon
20:49:14 222635 /usr/bin/harbour-sailorgram -daemon
20:49:16 323239 /usr/bin/harbour-sailorgram -daemon
20:49:18 457592 booster [silica-qt5]
20:49:20 537947 booster [silica-qt5] /usr/bin/harbour-sailorgram -daemon
20:49:22 276634 booster [silica-qt5] /usr/bin/harbour-sailorgram -daemon
20:49:25 381523 booster [silica-qt5]
20:49:27 471628 booster [silica-qt5]
20:49:29 228742 booster [silica-qt5]
20:49:32 387630 booster [silica-qt5]
20:49:34 93210 booster [silica-qt5]
20:49:37 29998
20:49:39 207849 booster [silica-qt5]
20:49:41 203028 booster [silica-qt5]
20:49:43 290669 booster [silica-qt5]
20:49:45 166172 booster [silica-qt5]
20:49:47 115924 booster [silica-qt5]
20:49:49 152030 booster [silica-qt5]
20:49:52 76603 booster [silica-qt5]
20:49:54 114638 booster [silica-qt5]
20:49:57 84640 booster [silica-qt5]
20:49:59 92568 booster [silica-qt5]
20:50:01 31177
20:50:04 31177
20:50:06 34284
20:50:08 53890
20:50:10 28177
20:50:12 28819
20:50:14 29355
20:50:16 29355
20:50:18 31177
20:50:20 29998
20:50:22 82711 booster [silica-qt5]
20:50:25 33641
20:50:27 25712
20:50:29 29355
20:50:31 64390 booster [silica-qt5]
20:50:33 39855
20:50:35 29998
20:50:37 90103 /usr/bin/harbour-sailorgram -daemon
20:50:40 28819
20:50:42 26356
20:50:44 27534
20:50:46 26356
20:50:48 27534
20:50:50 63105 /usr/bin/harbour-sailorgram -daemon
20:50:52 28819
20:50:54 31177
20:50:57 28819
20:50:59 29355
20:51:01 30641
20:51:03 33641
20:51:05 28819
20:51:07 30641
20:51:09 30641
20:51:11 29355
20:51:13 29998
20:51:15 26356
20:51:17 45319
20:51:19 31819
20:51:21 60104 /usr/bin/harbour-sailorgram -daemon
20:51:24 36212
20:51:26 90210 /usr/bin/harbour-sailorgram -daemon
20:51:28 29463
20:51:30 104353 /usr/bin/harbour-sailorgram -daemon
20:51:33 28819
20:51:35 122138 /usr/bin/harbour-sailorgram -daemon
20:51:37 29463
20:51:39 28819
20:51:41 33748
20:51:43 29463
20:51:45 32462
20:51:47 38676
20:51:50 82818 /usr/bin/harbour-sailorgram -daemon
20:51:52 33106
20:51:54 33748
20:51:56 96318 /usr/bin/harbour-sailorgram -daemon
20:51:59 27534
20:52:01 45426
20:52:03 28177
20:52:05 29998
20:52:07 29463
20:52:09 41034
20:52:11 28819
20:52:13 43497
20:52:15 36748
20:52:17 34284
20:52:19 30641
20:52:21 92032 /usr/bin/harbour-sailorgram -daemon
20:52:24 30641
20:52:26 26998
20:52:28 41676
20:52:30 87747 /usr/bin/harbour-sailorgram -daemon
20:52:32 28819
20:52:34 25069
20:52:36 91389 /usr/bin/harbour-sailorgram -daemon
20:52:39 29998
20:52:41 36748
20:52:43 31819
20:52:45 44141
20:52:47 31284
20:52:49 93317 /usr/bin/harbour-sailorgram -daemon
20:52:52 94497 /usr/bin/harbour-sailorgram -daemon
20:52:54 31819
20:52:56 32462
20:52:58 31819
20:53:00 222207 /usr/lib/buteo-plugins-qt5//oopp/twitter-notifications-client twitter-notifications twitter.Notifications-7 /usr/lib/buteo-plugins-qt5//oopp/twitter-posts-client twitter-posts twitter.Posts-7
20:53:02 147958 /usr/bin/harbour-sailorgram -daemon
20:53:04 73604 /usr/bin/harbour-sailorgram -daemon
20:53:07 159529 /usr/bin/harbour-sailorgram -daemon
20:53:09 37391
20:53:11 38676
20:53:13 42319
20:53:15 33748
20:53:17 33748
20:53:19 29998
20:53:21 34926
20:53:23 30641
20:53:25 31819
20:53:27 29463
20:53:29 57640
20:53:32 34926
20:53:34 32462
20:53:36 31819
20:53:38 98138 /usr/bin/harbour-sailorgram -daemon
20:53:40 27534
20:53:42 89568 /usr/bin/harbour-sailorgram -daemon
20:53:45 41676
20:53:47 27534
20:53:49 26998
20:53:51 88389 /usr/bin/harbour-sailorgram -daemon
20:53:53 46604
20:53:55 28177
20:53:57 87747 /usr/bin/harbour-sailorgram -daemon
20:54:00 32462
20:54:02 29463
20:54:04 29998
20:54:06 90854 /usr/bin/harbour-sailorgram -daemon
20:54:08 30641
20:54:10 49712
20:54:12 85925 /usr/bin/harbour-sailorgram -daemon
20:54:15 51533
20:54:17 31284
20:54:19 29463
20:54:21 91389 /usr/bin/harbour-sailorgram -daemon
20:54:23 29998
20:54:25 30641
20:54:27 87747 /usr/bin/harbour-sailorgram -daemon
20:54:30 32462
20:54:32 42962
20:54:34 26998
20:54:36 26998
20:54:38 28177
20:54:40 27534
20:54:42 26356
20:54:44 84640 /usr/bin/harbour-sailorgram -daemon
20:54:47 33748
20:54:49 26998
20:54:51 36748
20:54:53 35569
20:54:55 36212
20:54:57 109817 /usr/bin/harbour-sailorgram -daemon
20:55:00 29998
20:55:02 30641
20:55:04 33106
20:55:06 29463
20:55:08 93853 /usr/bin/harbour-sailorgram -daemon
20:55:10 33748
20:55:12 31819
20:55:14 31819
20:55:16 81639 /usr/bin/harbour-sailorgram -daemon
20:55:19 35569
20:55:21 89568 /usr/bin/harbour-sailorgram -daemon
20:55:23 29998
20:55:25 88925 /usr/bin/harbour-sailorgram -daemon
20:55:28 34284
20:55:30 85282 /usr/bin/harbour-sailorgram -daemon
20:55:32 92032 /usr/bin/harbour-sailorgram -daemon
20:55:35 87747 /usr/bin/harbour-sailorgram -daemon
20:55:37 111638 /usr/bin/harbour-sailorgram -daemon
20:55:39 144209 /usr/bin/harbour-sailorgram -daemon
20:55:42 144209 /usr/bin/harbour-sailorgram -daemon
20:55:44 156530 /usr/bin/harbour-sailorgram -daemon
20:55:47 305668 /usr/bin/harbour-sailorgram -daemon
20:55:49 237528 /usr/bin/harbour-sailorgram -daemon
20:55:51 149780 /usr/bin/harbour-sailorgram -daemon
20:55:53 230242 /usr/bin/harbour-sailorgram -daemon /usr/bin/jolla-camera
20:55:55 193386 /usr/bin/harbour-sailorgram -daemon /usr/bin/jolla-camera
20:55:58 168744 /usr/bin/harbour-sailorgram -daemon
20:56:00 158351 /usr/bin/harbour-sailorgram -daemon
20:56:02 202600 /usr/bin/harbour-sailorgram -daemon /usr/bin/jolla-camera
20:56:04 184172 /usr/bin/harbour-sailorgram -daemon /usr/bin/jolla-camera
20:56:07 80997 /usr/bin/harbour-sailorgram -daemon
20:56:09 92675 /usr/bin/harbour-sailorgram -daemon
20:56:11 89568 /usr/bin/harbour-sailorgram -daemon /usr/bin/jolla-camera
20:56:14 87747 /usr/bin/harbour-sailorgram -daemon
20:56:16 96960 /usr/bin/harbour-sailorgram -daemon
20:56:18 93317 /usr/bin/harbour-sailorgram -daemon /usr/bin/jolla-camera
20:56:21 96318 /usr/bin/harbour-sailorgram -daemon
20:56:23 88925 /usr/bin/harbour-sailorgram -daemon
20:56:26 93317 /usr/bin/harbour-sailorgram -daemon
20:56:28 103067 /usr/bin/harbour-sailorgram -daemon
20:56:31 129531 /usr/bin/harbour-sailorgram -daemon
20:56:33 93317 /usr/bin/harbour-sailorgram -daemon
20:56:35 91389 /usr/bin/harbour-sailorgram -daemon
20:56:38 118495 /usr/bin/harbour-sailorgram -daemon
20:56:40 94497 /usr/bin/harbour-sailorgram -daemon
20:56:43 114103 /usr/bin/harbour-sailorgram -daemon
20:56:45 91389 /usr/bin/harbour-sailorgram -daemon
20:56:47 159529 /usr/bin/harbour-sailorgram -daemon /usr/bin/jolla-camera
20:56:50 130710 /usr/bin/harbour-sailorgram -daemon
20:56:52 137459 /usr/bin/harbour-sailorgram -daemon
20:56:55 98782 /usr/bin/harbour-sailorgram -daemon
20:56:57 92032 /usr/bin/harbour-sailorgram -daemon
20:56:59 105532 /usr/bin/harbour-sailorgram -daemon
20:57:01 189101 /usr/bin/harbour-sailorgram -daemon
20:57:04 107353 /usr/bin/harbour-sailorgram -daemon
20:57:06 93853 /usr/bin/harbour-sailorgram -daemon
20:57:08 91389 /usr/bin/harbour-sailorgram -daemon /usr/bin/jolla-camera
20:57:11 92032 /usr/bin/harbour-sailorgram -daemon
20:57:13 93853 /usr/bin/harbour-sailorgram -daemon
20:57:15 110460 /usr/bin/harbour-sailorgram -daemon
20:57:18 106817 /usr/bin/harbour-sailorgram -daemon
20:57:20 92675 /usr/bin/harbour-sailorgram -daemon
20:57:23 87747 /usr/bin/harbour-sailorgram -daemon
20:57:25 91389 /usr/bin/harbour-sailorgram -daemon
20:57:27 119673 /usr/bin/harbour-sailorgram -daemon /usr/bin/jolla-camera
20:57:30 180422 /usr/bin/harbour-sailorgram -daemon
20:57:32 94497 /usr/bin/harbour-sailorgram -daemon
20:57:34 82818 /usr/bin/harbour-sailorgram -daemon
20:57:36 88389 /usr/bin/harbour-sailorgram -daemon /usr/bin/jolla-camera
20:57:39 93853 /usr/bin/harbour-sailorgram -daemon
20:57:41 87747 /usr/bin/harbour-sailorgram -daemon
20:57:43 98138 /usr/bin/harbour-sailorgram -daemon /usr/bin/jolla-camera
20:57:46 85282 /usr/bin/harbour-sailorgram -daemon
20:57:48 181708 /usr/bin/harbour-sailorgram -daemon
20:57:51 96960 /usr/bin/harbour-sailorgram -daemon
20:57:53 120853 /usr/bin/harbour-sailorgram -daemon
20:57:55 100067 /usr/bin/harbour-sailorgram -daemon /usr/bin/jolla-camera
20:57:57 84104 /usr/bin/harbour-sailorgram -daemon /usr/bin/jolla-camera
20:58:00 95675 /usr/bin/harbour-sailorgram -daemon
20:58:02 152245 /usr/bin/harbour-sailorgram -daemon
20:58:04 103067 /usr/bin/harbour-sailorgram -daemon /usr/bin/jolla-camera
20:58:06 109282 /usr/bin/harbour-sailorgram -daemon /usr/bin/jolla-camera
20:58:09 88925 /usr/bin/harbour-sailorgram -daemon
20:58:11 90854 /usr/bin/harbour-sailorgram -daemon
20:58:13 90854 /usr/bin/harbour-sailorgram -daemon
20:58:16 88389 /usr/bin/harbour-sailorgram -daemon
20:58:18 88389 /usr/bin/harbour-sailorgram -daemon
20:58:21 88389 /usr/bin/harbour-sailorgram -daemon
20:58:23 93317 /usr/bin/harbour-sailorgram -daemon
20:58:25 87747 /usr/bin/harbour-sailorgram -daemon /usr/bin/jolla-camera
20:58:28 152245 /usr/bin/harbour-sailorgram -daemon
20:58:30 170673 /usr/bin/harbour-sailorgram -daemon
20:58:33 101246 /usr/bin/harbour-sailorgram -daemon
20:58:35 104353 /usr/bin/harbour-sailorgram -daemon
20:58:37 107353 /usr/bin/harbour-sailorgram -daemon
20:58:39 100603 /usr/bin/harbour-sailorgram -daemon /usr/bin/jolla-camera
20:58:42 93317 /usr/bin/harbour-sailorgram -daemon
20:58:44 90854 /usr/bin/harbour-sailorgram -daemon
20:58:46 91389 /usr/bin/harbour-sailorgram -daemon /usr/bin/jolla-camera
20:58:49 278133 /usr/bin/harbour-sailorgram -daemon
20:58:51 100067 /usr/bin/harbour-sailorgram -daemon
20:58:53 152245 /usr/bin/harbour-sailorgram -daemon
20:58:55 94497 /usr/bin/harbour-sailorgram -daemon /usr/bin/jolla-camera
20:58:58 88925 /usr/bin/harbour-sailorgram -daemon
20:59:00 90854 /usr/bin/harbour-sailorgram -daemon
20:59:02 150959 /usr/bin/harbour-sailorgram -daemon /usr/bin/jolla-camera
20:59:04 177958 /usr/bin/harbour-sailorgram -daemon /usr/bin/jolla-camera
20:59:06 81639 /usr/bin/harbour-sailorgram -daemon
20:59:09 103710 /usr/bin/harbour-sailorgram -daemon
20:59:11 85282 /usr/bin/harbour-sailorgram -daemon
20:59:13 82175 /usr/bin/harbour-sailorgram -daemon
20:59:16 102532 /usr/bin/harbour-sailorgram -daemon
20:59:18 87747 /usr/bin/harbour-sailorgram -daemon
20:59:21 82818 /usr/bin/harbour-sailorgram -daemon
20:59:23 94497 /usr/bin/harbour-sailorgram -daemon
20:59:25 87747 /usr/bin/harbour-sailorgram -daemon /usr/bin/jolla-camera
20:59:28 138745 /usr/bin/harbour-sailorgram -daemon
20:59:30 128245 /usr/bin/harbour-sailorgram -daemon
20:59:33 83461 /usr/bin/harbour-sailorgram -daemon
20:59:35 94497 /usr/bin/harbour-sailorgram -daemon
20:59:37 81639 /usr/bin/harbour-sailorgram -daemon /usr/bin/jolla-camera
20:59:40 84640 /usr/bin/harbour-sailorgram -daemon
20:59:42 91389 /usr/bin/harbour-sailorgram -daemon
20:59:44 98138 /usr/bin/harbour-sailorgram -daemon /usr/bin/jolla-camera
20:59:47 89568 /usr/bin/harbour-sailorgram -daemon
20:59:49 300847 /usr/bin/harbour-sailorgram -daemon
20:59:51 126423 /usr/bin/harbour-sailorgram -daemon /usr/bin/jolla-camera
20:59:53 201314 /usr/bin/harbour-sailorgram -daemon
20:59:56 124602 /usr/bin/harbour-sailorgram -daemon
20:59:58 90854 /usr/bin/harbour-sailorgram -daemon
21:00:00 80997 /usr/bin/harbour-sailorgram -daemon /usr/bin/jolla-camera
21:00:03 219742 /usr/bin/harbour-sailorgram -daemon
21:00:05 126423 /usr/bin/harbour-sailorgram -daemon
21:00:07 90854 /usr/bin/harbour-sailorgram -daemon
21:00:09 94497 /usr/bin/harbour-sailorgram -daemon /usr/bin/jolla-camera
21:00:12 81639 /usr/bin/harbour-sailorgram -daemon
21:00:14 82818 /usr/bin/harbour-sailorgram -daemon
21:00:16 82818 /usr/bin/harbour-sailorgram -daemon /usr/bin/jolla-camera
21:00:19 77890 /usr/bin/harbour-sailorgram -daemon
21:00:21 85925 /usr/bin/harbour-sailorgram -daemon
21:00:24 92032 /usr/bin/harbour-sailorgram -daemon
21:00:26 81639 /usr/bin/harbour-sailorgram -daemon
21:00:28 106817 /usr/bin/harbour-sailorgram -daemon /usr/bin/jolla-camera
21:00:31 132531 /usr/bin/harbour-sailorgram -daemon
21:00:33 124602 /usr/bin/harbour-sailorgram -daemon
21:00:35 80354 /usr/bin/harbour-sailorgram -daemon
21:00:37 85925 /usr/bin/harbour-sailorgram -daemon
21:00:40 92032 /usr/bin/harbour-sailorgram -daemon
21:00:42 81639 /usr/bin/harbour-sailorgram -daemon
21:00:44 120853 /usr/bin/harbour-sailorgram -daemon /usr/bin/jolla-camera
21:00:47 85925 /usr/bin/harbour-sailorgram -daemon
21:00:49 295276 /usr/bin/harbour-sailorgram -daemon
21:00:51 95139 /usr/bin/harbour-sailorgram -daemon /usr/bin/jolla-camera
21:00:53 222849 /usr/bin/harbour-sailorgram -daemon /usr/bin/jolla-camera
21:00:56 98138 /usr/bin/harbour-sailorgram -daemon
21:00:58 98782 /usr/bin/harbour-sailorgram -daemon
21:01:00 92032 /usr/bin/harbour-sailorgram -daemon /usr/bin/jolla-camera
21:01:03 243099 /usr/bin/harbour-sailorgram -daemon
21:01:05 136280 /usr/bin/harbour-sailorgram -daemon
21:01:07 92032 /usr/bin/harbour-sailorgram -daemon
21:01:09 93317 /usr/bin/harbour-sailorgram -daemon
21:01:12 92032 /usr/bin/harbour-sailorgram -daemon
21:01:14 90210 /usr/bin/harbour-sailorgram -daemon
21:01:16 100067 /usr/bin/harbour-sailorgram -daemon
21:01:19 87747 /usr/bin/harbour-sailorgram -daemon
21:01:21 107353 /usr/bin/harbour-sailorgram -daemon
21:01:23 88925 /usr/bin/harbour-sailorgram -daemon /usr/bin/jolla-camera
21:01:26 93317 /usr/bin/harbour-sailorgram -daemon
21:01:28 91496 /usr/bin/harbour-sailorgram -daemon
21:01:30 158458 /usr/bin/harbour-sailorgram -daemon /usr/bin/jolla-camera
21:01:32 104353 /usr/bin/harbour-sailorgram -daemon /usr/bin/jolla-camera
21:01:35 97067 /usr/bin/harbour-sailorgram -daemon
21:01:37 95782 /usr/bin/harbour-sailorgram -daemon
21:01:39 93961 /usr/bin/harbour-sailorgram -daemon
21:01:42 94604 /usr/bin/harbour-sailorgram -daemon
21:01:44 104353 /usr/bin/harbour-sailorgram -daemon
21:01:46 94604 /usr/bin/harbour-sailorgram -daemon /usr/bin/jolla-camera
21:01:49 334810 /usr/bin/harbour-sailorgram -daemon
21:01:51 219849 /usr/bin/harbour-sailorgram -daemon
21:01:53 32462
21:01:55 38676
21:01:57 31926
21:01:59 30641
21:02:01 28177
21:02:03 29998
21:02:05 87854 /usr/bin/harbour-sailorgram -daemon /usr/bin/jolla-camera
21:02:08 30641
21:02:10 29998
21:02:12 32462
21:02:14 29998
21:02:16 35569
21:02:18 34391
21:02:20 33748
21:02:22 81639 /usr/bin/harbour-sailorgram -daemon /usr/bin/jolla-camera
21:02:25 39855
21:02:27 30641
21:02:29 243849 /usr/bin/harbour-sailorgram -daemon
21:02:31 132638 /usr/bin/harbour-sailorgram -daemon
21:02:33 87211 /usr/bin/harbour-sailorgram -daemon
21:02:35 33106
21:02:37 55283
21:02:40 31284
21:02:42 135102 /usr/bin/harbour-sailorgram -daemon
21:02:44 176243 /usr/bin/harbour-sailorgram -daemon
21:02:46 345845 /usr/bin/harbour-sailorgram -daemon
21:02:48 339096 /usr/bin/harbour-sailorgram -daemon
21:02:50 275776 /usr/bin/harbour-sailorgram -daemon /usr/bin/jolla-camera
21:02:52 850259 /usr/bin/harbour-sailorgram -daemon /usr/bin/jolla-camera
21:02:55 389451 /usr/bin/harbour-sailorgram -daemon
21:02:57 205815 /usr/bin/harbour-sailorgram -daemon
21:02:59 174422 /usr/bin/harbour-sailorgram -daemon
21:03:01 318204 /usr/bin/harbour-sailorgram -daemon
21:03:04 123424 /usr/bin/harbour-sailorgram -daemon
21:03:06 202064 /usr/bin/jolla-camera /usr/bin/lipstick -plugin evdevtouch:/dev/input/event1 -plugin evdevkeyboard:keymap=/usr/share/qt5/keymaps/droid.qmap --systemd
21:03:09 203886 /usr/bin/jolla-camera
21:03:11 228528 /usr/bin/jolla-camera
21:03:13 125888 /usr/bin/jolla-camera /usr/bin/lipstick -plugin evdevtouch:/dev/input/event1 -plugin evdevkeyboard:keymap=/usr/share/qt5/keymaps/droid.qmap --systemd
21:03:16 130174 /usr/bin/jolla-camera
21:03:18 113031 /usr/bin/jolla-camera /usr/bin/lipstick -plugin evdevtouch:/dev/input/event1 -plugin evdevkeyboard:keymap=/usr/share/qt5/keymaps/droid.qmap --systemd
21:03:21 294847 /usr/bin/jolla-camera
21:03:23 328061 /usr/bin/jolla-camera
21:03:25 136387 /usr/bin/jolla-camera
21:03:27 202064 /usr/bin/jolla-camera /usr/bin/lipstick -plugin evdevtouch:/dev/input/event1 -plugin evdevkeyboard:keymap=/usr/share/qt5/keymaps/droid.qmap --systemd
21:03:30 195315 /usr/bin/jolla-camera
21:03:32 136387 /usr/bin/jolla-camera
21:03:34 158458 /usr/bin/jolla-camera /usr/bin/lipstick -plugin evdevtouch:/dev/input/event1 -plugin evdevkeyboard:keymap=/usr/share/qt5/keymaps/droid.qmap --systemd
21:03:37 38676
21:03:39 39855
21:03:41 29463
21:03:43 117959 /usr/bin/jolla-camera
21:03:45 30641
21:03:47 31926
21:03:49 33106
21:03:51 34926
21:03:54 46604
21:03:56 33748
21:03:58 33106
21:04:00 30641
21:04:02 30641
21:04:04 29998
21:04:06 74889 /usr/bin/jolla-camera
21:04:08 39319
21:04:10 173780 /usr/bin/jolla-camera /usr/bin/lipstick -plugin evdevtouch:/dev/input/event1 -plugin evdevkeyboard:keymap=/usr/share/qt5/keymaps/droid.qmap --systemd
21:04:13 32462
21:04:15 82925 /usr/bin/jolla-camera
21:04:17 91496 /usr/bin/jolla-camera /usr/bin/lipstick -plugin evdevtouch:/dev/input/event1 -plugin evdevkeyboard:keymap=/usr/share/qt5/keymaps/droid.qmap --systemd
21:04:20 42319
21:04:22 32462
21:04:24 34391
21:04:26 87211 /usr/bin/jolla-camera
21:04:28 34926
21:04:30 34391
21:04:32 29998
21:04:34 37391
21:04:36 32462
21:04:39 163387 /usr/bin/jolla-camera
21:04:41 33106
21:04:43 66319 /usr/bin/jolla-camera
21:04:45 86567 /usr/bin/jolla-camera /usr/bin/lipstick -plugin evdevtouch:/dev/input/event1 -plugin evdevkeyboard:keymap=/usr/share/qt5/keymaps/droid.qmap --systemd
21:04:48 28819
21:04:50 28819
21:04:52 33748
21:04:54 39319
21:04:56 30641
21:04:58 31926
21:05:00 85389 /usr/bin/jolla-camera
21:05:03 38034
21:05:05 33106
21:05:07 29463
21:05:09 30641
21:05:11 26998
21:05:13 37391
21:05:15 31926
21:05:17 85389 /usr/bin/jolla-camera
21:05:19 33106
21:05:21 32462
21:05:24 32462
21:05:26 34391
21:05:28 30641
21:05:30 32462
21:05:32 29463
21:05:34 29998
21:05:36 84746 /usr/bin/jolla-camera
21:05:38 39855
21:05:40 29998
21:05:43 30641
21:05:45 31284
21:05:47 33106
21:05:49 32462
21:05:51 33106
21:05:53 31284
21:05:55 33106
21:05:57 34391
21:05:59 32462
21:06:01 84104 /usr/bin/jolla-camera
21:06:04 97603 /usr/bin/jolla-camera
21:06:06 100067 /usr/bin/jolla-camera
21:06:08 41141
21:06:10 31926
21:06:12 36855
21:06:14 40498
21:06:16 31926
21:06:18 29463
21:06:21 35569
21:06:23 32462
21:06:25 31284
21:06:27 31819
21:06:29 35569
21:06:31 37391
21:06:33 31819
21:06:35 69319 /usr/bin/jolla-camera
21:06:37 30641
21:06:39 44141
21:06:42 31819
21:06:44 32462
21:06:46 42319
21:06:48 85282 /usr/bin/jolla-camera
21:06:50 177315 /usr/bin/jolla-camera
21:06:52 85925 /usr/bin/jolla-camera /usr/bin/lipstick -plugin evdevtouch:/dev/input/event1 -plugin evdevkeyboard:keymap=/usr/share/qt5/keymaps/droid.qmap --systemd
21:06:55 38034
21:06:57 29998
21:06:59 34926
21:07:01 41676
21:07:03 28819
21:07:05 28177
21:07:07 38034
21:07:09 29355
21:07:11 33748
21:07:13 35569
21:07:15 41676
21:07:17 26356
21:07:20 79711 /usr/bin/jolla-camera
21:07:22 347988 /usr/bin/jolla-camera
21:07:24 299454 /usr/bin/jolla-camera [ksoftirqd/1]
21:07:26 153959 /usr/bin/jolla-camera /usr/bin/lipstick -plugin evdevtouch:/dev/input/event1 -plugin evdevkeyboard:keymap=/usr/share/qt5/keymaps/droid.qmap --systemd
21:07:29 100603 /usr/bin/jolla-camera
21:07:31 92032 /usr/bin/jolla-camera
21:07:33 120853 /usr/bin/jolla-camera /usr/bin/lipstick -plugin evdevtouch:/dev/input/event1 -plugin evdevkeyboard:keymap=/usr/share/qt5/keymaps/droid.qmap --systemd
21:07:36 90210 /usr/bin/jolla-camera
21:07:38 85282 /usr/bin/jolla-camera /usr/bin/lipstick -plugin evdevtouch:/dev/input/event1 -plugin evdevkeyboard:keymap=/usr/share/qt5/keymaps/droid.qmap --systemd
21:07:41 32462
21:07:43 28819
21:07:45 29355
21:07:47 30641
21:07:49 29355
21:07:51 30641
21:07:53 36748
21:07:55 27534
21:07:57 30641
21:07:59 44784
21:08:01 155887 /usr/lib/buteo-plugins-qt5//oopp/facebook-notifications-client facebook-notifications facebook.Notifications-3 /usr/lib/buteo-plugins-qt5//oopp/syncemail-client syncemail syncemail-4
21:08:03 157709 /usr/lib/buteo-plugins-qt5//oopp/twitter-posts-client twitter-posts twitter.Posts-7 /usr/lib/buteo-plugins-qt5//oopp/twitter-notifications-client twitter-notifications twitter.Notifications-7
21:08:06 95675 /usr/bin/signond
21:08:08 98138 /usr/bin/jolla-camera
21:08:10 77247 /usr/bin/jolla-camera
21:08:12 38569
21:08:14 28177
21:08:16 31284
21:08:18 25069
21:08:20 34926
21:08:22 35569
21:08:24 28177
21:08:26 31819
21:08:29 29998
21:08:31 29355
21:08:33 29998
21:08:35 28819
21:08:37 28177
21:08:39 33106
21:08:41 29998
21:08:43 66854 /usr/bin/jolla-camera
21:08:45 30641
21:08:47 47248
21:08:50 31819
21:08:52 28819
21:08:54 30641
21:08:56 29998
21:08:58 29355
21:09:00 29355
21:09:02 28177
21:09:04 45962
21:09:06 45319
21:09:08 29998
21:09:10 29355
21:09:12 27534
21:09:14 34926
21:09:17 34284
21:09:19 60747 /usr/bin/jolla-camera
21:09:21 27534
21:09:23 29998
21:09:25 34284
21:09:27 29998
21:09:29 29998
21:09:31 28177
21:09:33 29355
21:09:36 31819
21:09:38 28177
21:09:40 31284
21:09:42 31819
21:09:44 77247 /usr/bin/jolla-camera
21:09:46 29355
21:09:48 99425 /usr/bin/jolla-camera /usr/bin/lipstick -plugin evdevtouch:/dev/input/event1 -plugin evdevkeyboard:keymap=/usr/share/qt5/keymaps/droid.qmap --systemd
21:09:51 31284
21:09:53 31284
21:09:55 28819
21:09:57 79175 /usr/bin/jolla-camera
21:09:59 141102 /usr/bin/jolla-camera /usr/bin/lipstick -plugin evdevtouch:/dev/input/event1 -plugin evdevkeyboard:keymap=/usr/share/qt5/keymaps/droid.qmap --systemd
21:10:02 29355
21:10:04 30641
21:10:06 30641
21:10:08 28819
21:10:10 36212
21:10:12 28819
21:10:14 84640 /usr/bin/jolla-camera
21:10:17 41676
21:10:19 30641
21:10:21 30641
21:10:23 89568 /usr/bin/jolla-camera
21:10:25 31819
21:10:27 31819
21:10:29 34926
21:10:31 33106
21:10:33 84640 /usr/bin/jolla-camera
21:10:36 88282 /usr/bin/jolla-camera
21:10:38 84640 /usr/bin/jolla-camera /usr/bin/lipstick -plugin evdevtouch:/dev/input/event1 -plugin evdevkeyboard:keymap=/usr/share/qt5/keymaps/droid.qmap --systemd
21:10:41 236242 /usr/bin/jolla-camera
21:10:43 95032 /usr/bin/jolla-camera
21:10:45 79711 /usr/bin/jolla-camera
21:10:47 216635 /usr/bin/jolla-camera /usr/bin/lipstick -plugin evdevtouch:/dev/input/event1 -plugin evdevkeyboard:keymap=/usr/share/qt5/keymaps/droid.qmap --systemd
21:10:49 218457 /usr/bin/jolla-camera /usr/bin/lipstick -plugin evdevtouch:/dev/input/event1 -plugin evdevkeyboard:keymap=/usr/share/qt5/keymaps/droid.qmap --systemd
21:10:52 221564 /usr/bin/jolla-camera
21:10:54 160709 /usr/bin/jolla-camera
21:10:56 165101 /usr/bin/jolla-camera
21:10:58 163172 /usr/bin/jolla-camera /usr/bin/lipstick -plugin evdevtouch:/dev/input/event1 -plugin evdevkeyboard:keymap=/usr/share/qt5/keymaps/droid.qmap --systemd
21:11:01 95032 /usr/bin/jolla-camera
21:11:04 75425 /usr/bin/jolla-camera
21:11:06 49712
21:11:08 34926
21:11:10 31819
21:11:12 32462
21:11:14 31819
21:11:16 47248
21:11:18 36212
21:11:20 45962
21:11:22 36748
21:11:24 30641
21:11:26 176886 /usr/bin/jolla-camera /usr/bin/lipstick -plugin evdevtouch:/dev/input/event1 -plugin evdevkeyboard:keymap=/usr/share/qt5/keymaps/droid.qmap --systemd
21:11:29 209457 /usr/bin/jolla-camera
21:11:31 99425 /usr/bin/jolla-camera
21:11:33 83461 /usr/bin/jolla-camera
21:11:35 47891
21:11:37 39319
21:11:39 46604
21:11:41 33748
21:11:44 77997 /usr/bin/jolla-camera
21:11:46 31926
21:11:48 106282 /usr/bin/jolla-camera /usr/bin/lipstick -plugin evdevtouch:/dev/input/event1 -plugin evdevkeyboard:keymap=/usr/share/qt5/keymaps/droid.qmap --systemd
21:11:51 79818 /usr/bin/jolla-camera
21:11:53 77997 /usr/bin/jolla-camera
21:11:55 76176 /usr/bin/jolla-camera /usr/bin/lipstick -plugin evdevtouch:/dev/input/event1 -plugin evdevkeyboard:keymap=/usr/share/qt5/keymaps/droid.qmap --systemd
21:11:57 50354
21:11:59 42319
21:12:01 46069
21:12:03 29998
21:12:06 31926
21:12:08 32462
21:12:10 28177
21:12:12 159102 /usr/bin/jolla-camera
21:12:14 34926
21:12:16 39855
21:12:18 33106
21:12:20 34391
21:12:22 30641
21:12:25 32462
21:12:27 30641
21:12:29 213099 /usr/bin/jolla-camera
21:12:31 77997 /usr/bin/jolla-camera
21:12:33 46069
21:12:35 43605
21:12:37 81639 /usr/bin/jolla-camera /usr/bin/lipstick -plugin evdevtouch:/dev/input/event1 -plugin evdevkeyboard:keymap=/usr/share/qt5/keymaps/droid.qmap --systemd
21:12:40 39855
21:12:42 30641
21:12:44 29463
21:12:46 35569
21:12:48 117959 /usr/bin/jolla-camera
21:12:51 79175 /usr/bin/jolla-camera
21:12:53 97067 /usr/bin/jolla-camera
21:12:55 100067 /usr/bin/jolla-camera
21:12:57 80997 /usr/bin/jolla-camera
21:12:59 46604
21:13:01 114210 /usr/bin/jolla-camera /usr/bin/lipstick -plugin evdevtouch:/dev/input/event1 -plugin evdevkeyboard:keymap=/usr/share/qt5/keymaps/droid.qmap --systemd
21:13:04 78639 /usr/bin/jolla-camera
21:13:06 124709 /usr/bin/jolla-camera
21:13:08 44784
21:13:10 37391
21:13:12 31926
21:13:14 34391
21:13:16 26356
21:13:18 29463
21:13:21 33106
21:13:23 50354
21:13:25 32462
21:13:27 33106
21:13:29 235920 /usr/bin/jolla-camera
21:13:31 80461 /usr/bin/jolla-camera /usr/bin/lipstick -plugin evdevtouch:/dev/input/event1 -plugin evdevkeyboard:keymap=/usr/share/qt5/keymaps/droid.qmap --systemd
21:13:33 80461 /usr/bin/jolla-camera /usr/bin/lipstick -plugin evdevtouch:/dev/input/event1 -plugin evdevkeyboard:keymap=/usr/share/qt5/keymaps/droid.qmap --systemd
21:13:35 47891
21:13:38 38034
21:13:40 33106
21:13:42 33106
21:13:44 29998
21:13:46 47891
21:13:48 61390 /usr/bin/jolla-camera
21:13:51 95139 /usr/bin/jolla-camera
21:13:53 167030 /usr/bin/jolla-camera /usr/bin/lipstick -plugin evdevtouch:/dev/input/event1 -plugin evdevkeyboard:keymap=/usr/share/qt5/keymaps/droid.qmap --systemd
21:13:56 101889 /usr/bin/jolla-camera
21:13:58 80997 /usr/bin/jolla-camera
21:14:00 45426
21:14:02 106282 /usr/bin/jolla-camera /usr/bin/lipstick -plugin evdevtouch:/dev/input/event1 -plugin evdevkeyboard:keymap=/usr/share/qt5/keymaps/droid.qmap --systemd
21:14:05 95782 /usr/bin/jolla-camera
21:14:07 44141
21:14:09 41676
21:14:11 29998
21:14:13 34391
21:14:15 25176
21:14:17 46069
21:14:19 31926
21:14:21 32462
21:14:23 31284
21:14:26 34926
21:14:28 35569
21:14:30 212564 /usr/bin/jolla-camera
21:14:32 79818 /usr/bin/jolla-camera
21:14:34 82282 /usr/bin/jolla-camera /usr/bin/lipstick -plugin evdevtouch:/dev/input/event1 -plugin evdevkeyboard:keymap=/usr/share/qt5/keymaps/droid.qmap --systemd
21:14:36 76711 /usr/bin/jolla-camera /usr/bin/lipstick -plugin evdevtouch:/dev/input/event1 -plugin evdevkeyboard:keymap=/usr/share/qt5/keymaps/droid.qmap --systemd
21:14:39 47248
21:14:41 40498
21:14:43 28177
21:14:45 32462
21:14:47 30641
21:14:49 230349 /usr/bin/jolla-camera
21:14:51 108102 /usr/bin/jolla-camera /usr/bin/lipstick -plugin evdevtouch:/dev/input/event1 -plugin evdevkeyboard:keymap=/usr/share/qt5/keymaps/droid.qmap --systemd
21:14:53 95139 /usr/bin/jolla-camera /usr/bin/lipstick -plugin evdevtouch:/dev/input/event1 -plugin evdevkeyboard:keymap=/usr/share/qt5/keymaps/droid.qmap --systemd
21:14:55 77997 /usr/bin/jolla-camera /usr/bin/lipstick -plugin evdevtouch:/dev/input/event1 -plugin evdevkeyboard:keymap=/usr/share/qt5/keymaps/droid.qmap --systemd
21:14:58 47248
21:15:00 38034
21:15:02 198958 /usr/bin/jolla-camera
21:15:04 93961 /usr/bin/jolla-camera
21:15:06 113031 /usr/bin/jolla-camera
21:15:08 76711 /usr/bin/jolla-camera
21:15:10 49069
21:15:12 28819
21:15:14 31284
21:15:17 38676
21:15:19 34926
21:15:21 34391
21:15:23 29998
21:15:25 29463
21:15:27 28177
21:15:29 249956 /usr/bin/jolla-camera
21:15:31 76711 /usr/bin/jolla-camera /usr/bin/lipstick -plugin evdevtouch:/dev/input/event1 -plugin evdevkeyboard:keymap=/usr/share/qt5/keymaps/droid.qmap --systemd
21:15:34 45426
21:15:36 34391
21:15:38 30641
21:15:40 28819
21:15:42 31926
21:15:44 31284
21:15:46 33748
21:15:48 69961 /usr/bin/jolla-camera /usr/bin/lipstick -plugin evdevtouch:/dev/input/event1 -plugin evdevkeyboard:keymap=/usr/share/qt5/keymaps/droid.qmap --systemd
21:15:51 79818 /usr/bin/jolla-camera
21:15:53 98246 /usr/bin/jolla-camera
21:15:55 76176 /usr/bin/jolla-camera
21:15:57 105639 /usr/bin/jolla-camera /usr/bin/lipstick -plugin evdevtouch:/dev/input/event1 -plugin evdevkeyboard:keymap=/usr/share/qt5/keymaps/droid.qmap --systemd
21:15:59 75532 /usr/bin/jolla-camera /usr/bin/lipstick -plugin evdevtouch:/dev/input/event1 -plugin evdevkeyboard:keymap=/usr/share/qt5/keymaps/droid.qmap --systemd
21:16:02 93317 /usr/bin/jolla-camera
21:16:04 77354 /usr/bin/jolla-camera
21:16:06 76711 /usr/bin/jolla-camera
21:16:08 76176 /usr/bin/jolla-camera
21:16:10 46604
21:16:12 37391
21:16:14 30641
21:16:16 33106
21:16:18 34391
21:16:20 42962
21:16:22 33748
21:16:24 29998
21:16:27 29463
21:16:29 192957 /usr/bin/jolla-camera
21:16:31 76818 /usr/bin/jolla-camera
21:16:33 44248
21:16:35 35569
21:16:37 30105
21:16:39 26998
21:16:41 30105
21:16:43 31230
21:16:45 34332
21:16:48 97436 /usr/bin/jolla-camera
21:16:50 242148 /usr/bin/jolla-camera
21:16:52 161824 /usr/bin/jolla-camera /usr/bin/lipstick -plugin evdevtouch:/dev/input/event1 -plugin evdevkeyboard:keymap=/usr/share/qt5/keymaps/droid.qmap --systemd
21:16:55 136689 /usr/bin/jolla-camera
21:16:57 139149 /usr/bin/jolla-camera
21:16:59 34867
21:17:01 29947
21:17:04 63745 /usr/bin/jolla-camera
21:17:06 33690
21:17:08 29412
21:17:10 28128
21:17:12 38610
21:17:14 27487
21:17:16 32406
21:17:18 32406
21:17:20 172199 /usr/bin/jolla-camera /usr/bin/lipstick -plugin evdevtouch:/dev/input/event1 -plugin evdevkeyboard:keymap=/usr/share/qt5/keymaps/droid.qmap --systemd
21:17:23 33049
21:17:25 35508
21:17:27 33049
21:17:29 33690
21:17:31 64280 /usr/bin/jolla-camera
21:17:33 30589
21:17:36 45348
21:17:38 40429
21:17:40 36685
21:17:42 32406
21:17:44 130593 /usr/bin/jolla-camera
21:17:46 34332
21:17:48 29412
21:17:50 94976 /usr/bin/jolla-camera /usr/bin/lipstick -plugin evdevtouch:/dev/input/event1 -plugin evdevkeyboard:keymap=/usr/share/qt5/keymaps/droid.qmap --systemd
21:17:53 29947
21:17:55 37327
21:17:57 34332
21:17:59 31230
21:18:01 34332
21:18:03 35508
21:18:05 29412
21:18:07 29412
21:18:09 31230
21:18:11 50803
21:18:13 29947
21:18:16 33049
21:18:18 31872
21:18:20 164284 /usr/bin/jolla-camera
21:18:22 31872
21:18:24 33049
21:18:26 89414 /usr/bin/jolla-camera
21:18:29 31230
21:18:31 34332
21:18:33 28128
21:18:35 29947
21:18:37 25668
21:18:39 28770
21:18:41 28770
21:18:43 77863 /usr/bin/jolla-camera
21:18:45 34332
21:18:47 85136 /usr/bin/jolla-camera
21:18:50 28770
21:18:52 31230
21:18:54 30589
21:18:56 33690
21:18:58 31872
21:19:00 26952
21:19:02 30589
21:19:04 30589
21:19:06 116475 /usr/bin/jolla-camera /usr/bin/lipstick -plugin evdevtouch:/dev/input/event1 -plugin evdevkeyboard:keymap=/usr/share/qt5/keymaps/droid.qmap --systemd
21:19:09 31872
21:19:11 25668
21:19:13 31230
21:19:15 30589
21:19:17 36150
21:19:19 31872
21:19:21 29947
21:19:23 28770
21:19:25 29412
21:19:27 31872
21:19:30 26311
21:19:32 29947
21:19:34 31230
21:19:36 29412
21:19:38 28770
21:19:40 30589
21:19:42 30589
21:19:44 34332
21:19:46 61819 /usr/bin/jolla-camera
21:19:48 30589
21:19:51 26952
21:19:53 37969
21:19:55 35508
21:19:57 29412
21:19:59 31230
21:20:01 33049
21:20:03 31872
21:20:05 34332
21:20:07 34867
21:20:09 87597 /usr/bin/jolla-camera
21:20:11 40429
21:20:13 31872
21:20:16 105458 /usr/bin/jolla-camera
21:20:18 30589
21:20:20 30589
21:20:22 32406
21:20:24 32406
21:20:26 82676 /usr/bin/jolla-camera /usr/bin/lipstick -plugin evdevtouch:/dev/input/event1 -plugin evdevkeyboard:keymap=/usr/share/qt5/keymaps/droid.qmap --systemd
21:20:29 34332
21:20:31 55082
21:20:33 82676 /usr/bin/jolla-camera
21:20:35 37327
21:20:37 111554 /usr/bin/jolla-camera /usr/bin/lipstick -plugin evdevtouch:/dev/input/event1 -plugin evdevkeyboard:keymap=/usr/share/qt5/keymaps/droid.qmap --systemd
21:20:40 41070
21:20:42 33690
21:20:44 32406
21:20:46 37969
21:20:48 28770
21:20:50 46525
21:20:52 30589
21:20:54 31872
21:20:56 30589
21:20:58 32406
21:21:00 126850 /usr/bin/jolla-camera /usr/bin/lipstick -plugin evdevtouch:/dev/input/event1 -plugin evdevkeyboard:keymap=/usr/share/qt5/keymaps/droid.qmap --systemd
21:21:03 30589
21:21:05 29412
21:21:07 31872
21:21:09 32406
21:21:11 33049
21:21:13 27487
21:21:15 33049
21:21:17 31872
21:21:19 27487
21:21:21 29947
21:21:23 29947
21:21:25 29412
21:21:28 32406
21:21:30 29412
21:21:32 34867
21:21:34 31230
21:21:36 31872
21:21:38 31230
21:21:40 135513 /usr/bin/jolla-camera
21:21:42 32406
21:21:44 115298 /usr/bin/jolla-camera
21:21:47 41605
21:21:49 101715 /usr/bin/jolla-camera
21:21:51 30589
21:21:53 35508
21:21:55 34332
21:21:57 36792
21:22:00 34332
21:22:02 36150
21:22:04 124496 /usr/bin/jolla-camera
21:22:06 30589
21:22:08 86419 /usr/bin/jolla-camera
21:22:10 36150
21:22:13 31230
21:22:15 77222 /usr/bin/jolla-camera
21:22:17 28770
21:22:19 31872
21:22:21 35508
21:22:23 46525
21:22:25 28770
21:22:27 29412
21:22:29 30589
21:22:31 31872
21:22:33 31872
21:22:36 30589
21:22:38 32406
21:22:40 29412
21:22:42 29412
21:22:44 31230
21:22:46 69200 /usr/bin/jolla-camera
21:22:48 42247
21:22:50 27594
21:22:52 31230
21:22:55 29947
21:22:57 28770
21:22:59 89521 /usr/lib/buteo-plugins-qt5//oopp/twitter-notifications-client twitter-notifications twitter.Notifications-7
21:23:01 299905 /usr/lib/buteo-plugins-qt5//oopp/twitter-posts-client twitter-posts twitter.Posts-7
21:23:03 79039 /usr/bin/jolla-camera
21:23:05 75403 /usr/bin/jolla-camera
21:23:07 48450
21:23:09 38610
21:23:11 32406
21:23:13 29412
21:23:16 90056 /usr/bin/jolla-camera
21:23:18 42888
21:23:20 36792
21:23:22 31872
21:23:24 32406
21:23:26 34332
21:23:28 88880 /usr/bin/jolla-camera /usr/bin/lipstick -plugin evdevtouch:/dev/input/event1 -plugin evdevkeyboard:keymap=/usr/share/qt5/keymaps/droid.qmap --systemd
21:23:31 32406
21:23:33 29947
21:23:35 29947
21:23:37 37327
21:23:39 86419 /usr/bin/jolla-camera
21:23:41 48450
21:23:43 102998 /usr/bin/jolla-camera
21:23:46 26311
21:23:48 32406
21:23:50 34332
21:23:52 29947
21:23:54 32406
21:23:56 31230
21:23:58 31230
21:24:00 28770
21:24:02 60001 /usr/bin/jolla-camera
21:24:05 27594
21:24:07 28770
21:24:09 28770
21:24:11 42888
21:24:13 35508
21:24:15 32406
21:24:17 31872
21:24:19 89521 /usr/bin/jolla-camera /usr/bin/lipstick -plugin evdevtouch:/dev/input/event1 -plugin evdevkeyboard:keymap=/usr/share/qt5/keymaps/droid.qmap --systemd
21:24:22 33690
21:24:24 78505 /usr/bin/jolla-camera
21:24:26 33049
21:24:28 44065
21:24:30 34867
21:24:32 31872
21:24:35 29412
21:24:37 31872
21:24:39 29412
21:24:41 28128
21:24:43 39252
21:24:45 27594
21:24:47 33690
21:24:49 35508
21:24:51 32406
21:24:53 33690
21:24:55 48985
21:24:57 27594
21:24:59 30589
21:25:01 32406
21:25:04 69842 /usr/bin/jolla-camera
21:25:06 37327
21:25:08 36792
21:25:10 29947
21:25:12 28128
21:25:14 28770
21:25:16 34332
21:25:18 31872
21:25:20 418840 /usr/bin/jolla-camera /usr/bin/lipstick -plugin evdevtouch:/dev/input/event1 -plugin evdevkeyboard:keymap=/usr/share/qt5/keymaps/droid.qmap --systemd
21:25:23 37327
21:25:25 32406
21:25:27 88880 /usr/bin/jolla-camera
21:25:29 37969
21:25:31 42247
21:25:33 32406
21:25:35 29412
21:25:37 69842 /usr/bin/jolla-camera
21:25:40 41070
21:25:42 32406
21:25:44 29947
21:25:46 29947
21:25:48 31230
21:25:50 41605
21:25:52 28128
21:25:54 28770
21:25:56 29947
21:25:58 30589
21:26:01 50268
21:26:03 34332
21:26:05 28770
21:26:07 29412
21:26:09 71125 /usr/bin/jolla-camera
21:26:11 36792
21:26:13 34332
21:26:15 28128
21:26:17 29947
21:26:19 32406
21:26:22 32406
21:26:24 31230
21:26:26 47167
21:26:28 33690
21:26:30 87062 /usr/bin/jolla-camera
21:26:32 29412
21:26:34 34332
21:26:36 33690
21:26:38 30054
21:26:41 34973
21:26:43 30054
21:26:45 65029 /usr/bin/jolla-camera
21:26:47 50911
21:26:49 28770
21:26:51 34332
21:26:53 30589
21:26:55 28128
21:26:57 31230
21:26:59 31230
21:27:02 33049
21:27:04 31230
21:27:06 34332
21:27:08 34973
21:27:10 31872
21:27:12 86527 /usr/bin/jolla-camera
21:27:14 30589
21:27:16 46631
21:27:18 36792
21:27:20 84067 /usr/bin/jolla-camera
21:27:23 33690
21:27:25 36792
21:27:27 31230
21:27:29 35508
21:27:31 36792
21:27:33 33690
21:27:35 69948 /usr/bin/jolla-camera
21:27:38 41070
21:27:40 28770
21:27:42 34973
21:27:44 27594
21:27:46 31230
21:27:48 31230
21:27:50 87703 /usr/bin/jolla-camera
21:27:52 41712
21:27:54 30054
21:27:56 40429
21:27:59 37969
21:28:01 31230
21:28:03 31872
21:28:05 32514
21:28:07 31230
21:28:09 31872
21:28:11 30589
21:28:13 29412
21:28:15 29412
21:28:17 50268
21:28:19 34332
21:28:21 35508
21:28:23 34332
21:28:25 33690
21:28:28 34332
21:28:30 29412
21:28:32 30589
21:28:34 31872
21:28:36 31230
21:28:38 111019 /usr/bin/jolla-camera
21:28:40 95725 /usr/bin/jolla-camera /usr/bin/lipstick -plugin evdevtouch:/dev/input/event1 -plugin evdevkeyboard:keymap=/usr/share/qt5/keymaps/droid.qmap --systemd
21:28:43 38610
21:28:45 30589
21:28:47 33690
21:28:49 31230
21:28:51 32514
21:28:53 32514
21:28:55 36150
21:28:57 33049
21:28:59 31872
21:29:01 33690
21:29:03 32514
21:29:05 31872
21:29:07 54547
21:29:09 29412
21:29:12 33690
21:29:14 33690
21:29:16 34973
21:29:18 36150
21:29:20 28128
21:29:22 33690
21:29:24 34332
21:29:26 40429
21:29:28 45348
21:29:30 34332
21:29:32 34332
21:29:34 33049
21:29:36 36150
21:29:38 34332
21:29:41 30589
21:29:43 28770
21:29:45 87703 /usr/bin/jolla-camera
21:29:47 102463 /usr/bin/jolla-camera
21:29:49 32514
21:29:51 32514
21:29:53 61927 /usr/bin/jolla-camera
21:29:56 35508
21:29:58 85885 /usr/bin/jolla-camera
21:30:00 39786
21:30:02 33049
21:30:04 45990
21:30:06 33690
21:30:09 49627
21:30:11 34332
21:30:13 34973
21:30:15 39252
21:30:17 35508
21:30:19 30589
21:30:21 34973
21:30:23 33690
21:30:25 35508
21:30:27 36792
21:30:29 65029 /usr/bin/jolla-camera /usr/bin/lipstick -plugin evdevtouch:/dev/input/event1 -plugin evdevkeyboard:keymap=/usr/share/qt5/keymaps/droid.qmap --systemd
21:30:32 35508
21:30:34 82141 /usr/bin/jolla-camera
21:30:36 36792
21:30:38 31872
21:30:40 41070
21:30:42 33049
21:30:44 37434
21:30:47 31230
21:30:49 34973
21:30:51 31872
21:30:53 31872
21:30:55 86527 /usr/bin/jolla-camera
21:30:57 38610
21:30:59 33690
21:31:01 36150
21:31:03 41070
21:31:05 34973
21:31:08 34332
21:31:10 33049
21:31:12 37969
21:31:14 33049
21:31:16 33049
21:31:18 64386 /usr/bin/jolla-camera
21:31:20 44707
21:31:22 36792
21:31:24 88986 /usr/bin/jolla-camera /usr/bin/lipstick -plugin evdevtouch:/dev/input/event1 -plugin evdevkeyboard:keymap=/usr/share/qt5/keymaps/droid.qmap --systemd
21:31:27 42888
21:31:29 33156
21:31:31 28878
21:31:33 32514
21:31:35 31872
21:31:37 31872
21:31:39 31337
21:31:41 49733
21:31:43 41177
21:31:45 74976 /usr/bin/jolla-camera
21:31:48 29412
21:31:50 31872
21:31:52 30054
21:31:54 31872
21:31:56 34332
21:31:58 49733
21:32:00 35615
21:32:02 30695
21:32:04 33797
21:32:06 43637
21:32:09 32514
21:32:11 31872
21:32:13 35615
21:32:15 31872
21:32:17 30054
21:32:19 30054
21:32:21 88452 /usr/bin/jolla-camera
21:32:23 125352 /usr/bin/jolla-camera /usr/bin/lipstick -plugin evdevtouch:/dev/input/event1 -plugin evdevkeyboard:keymap=/usr/share/qt5/keymaps/droid.qmap --systemd
21:32:26 38717
21:32:28 30695
21:32:30 31337
21:32:32 29412
21:32:34 76152 /usr/bin/jolla-camera
21:32:36 44814
21:32:38 30695
21:32:41 27594
21:32:43 31337
21:32:45 30695
21:32:47 86634 /usr/bin/jolla-camera
21:32:49 38717
21:32:51 29412
21:32:53 82356 /usr/bin/jolla-camera /usr/bin/lipstick -plugin evdevtouch:/dev/input/event1 -plugin evdevkeyboard:keymap=/usr/share/qt5/keymaps/droid.qmap --systemd
21:32:56 41177
21:32:58 32514
21:33:00 30054
21:33:02 30054
21:33:04 30695
21:33:06 30695
21:33:08 32514
21:33:10 30695
21:33:12 31872
21:33:14 48557
21:33:16 34973
21:33:18 33156
21:33:20 90377 /usr/bin/jolla-camera
21:33:23 31337
21:33:25 29412
21:33:27 36792
21:33:29 101394 /usr/bin/jolla-camera
21:33:31 34332
21:33:34 34332
21:33:36 30695
21:33:38 47915
21:33:40 28235
21:33:42 33156
21:33:44 32514
21:33:46 33156
21:33:48 30695
21:33:50 30054
21:33:52 31872
21:33:54 50376
21:33:56 37434
21:33:58 32514
21:34:00 176477 /usr/bin/jolla-camera
21:34:03 42353
21:34:05 28878
21:34:07 29412
21:34:09 84815 /usr/bin/jolla-camera
21:34:11 28878
21:34:13 31337
21:34:16 30054
21:34:18 30695
21:34:20 31337
21:34:22 44814
21:34:24 31337
21:34:26 31872
21:34:28 31872
21:34:30 34973
21:34:32 32514
21:34:34 29412
21:34:36 34332
21:34:38 30695
21:34:40 39252
21:34:42 30054
21:34:45 33797
21:34:47 31337
21:34:49 85457 /usr/bin/jolla-camera
21:34:51 31872
21:34:53 31337
21:34:55 89094 /usr/bin/jolla-camera /usr/bin/lipstick -plugin evdevtouch:/dev/input/event1 -plugin evdevkeyboard:keymap=/usr/share/qt5/keymaps/droid.qmap --systemd
21:34:58 79254 /usr/bin/jolla-camera
21:35:00 39894
21:35:02 30695
21:35:04 46631
21:35:06 31337
21:35:08 31337
