##############################
##
##   ,---
##   | Phone Info
##   '---
##   Phone model:  Nexus 5
##   Device name:  hammerhead
##   Mod version:  12.1-20160704-UNOFFICIAL-hammerhead [LMY49J]
##   OS version:   SailfishOS 2.0.4.14 (Fiskarsinjoki) (armv7hl)
##   Install Type: multirom
##
##   ,---
##   | Current Phone Settings
##   '---
##   CPU Managment:  custom (blu_plug msm_mpdecision)
##   Min/Max Freq:   249000*/1574000*
##   Voltage Table:  modified
##   CPU Governor:   conservative
##   *(may be handled by custom CPU managment)
##   !(WARNING: more than one cpu manager enabled)
##
##   Cell Provider:  Sunrise
##   Mobile Data:    enabled/disconnected
##   Wireless:       enabled/connected
##   Bluetooth:      disabled/disconnected
##   GPS Receiver:   disabled/disconnected
##
##   ,---
##   | Running Applications
##   '---
##   /usr/bin/jolla-email -fullscreen
##   /usr/bin/jolla-camera
##   /usr/bin/jolla-calendar -prestart
##   /usr/bin/jolla-mediaplayer -prestart
##   /usr/bin/jolla-alarm-ui
##   /usr/bin/sailfish-browser -prestart
##   /usr/bin/harbour-callrecorderd
##   /usr/bin/harbour-sailorgram -daemon
##   /usr/bin/harbour-fahrplan2
##
##   ,---
##   | Power Statistics (Duration: 90min.) [Start: 2016-12-01-18h00m27s]
##   '---
##   below 20mV: 0% (1 polls)
##   #
##   below 30mV: 27% (739 polls)
##   ###########################
##   below 40mV: 42% (1137 polls)
##   ##########################################
##   below 50mV: 5% (132 polls)
##   #####
##   below 60mV: 1% (39 polls)
##   #
##   below 70mV: 2% (48 polls)
##   ##
##   below 80mV: 2% (43 polls)
##   ##
##   below 90mV: 7% (196 polls)
##   #######
##   below 100mV: 5% (142 polls)
##   #####
##   below 110mV: 1% (34 polls)
##   #
##   below 120mV: 1% (29 polls)
##   #
##   below 130mV: 1% (28 polls)
##   #
##   below 140mV: 1% (29 polls)
##   #
##   below 150mV: 1% (15 polls)
##   #
##   below 160mV: 0% (9 polls)
##   #
##   below 170mV: 0% (8 polls)
##   #
##   below 180mV: 0% (7 polls)
##   #
##   below 190mV: 0% (4 polls)
##   #
##   below 200mV: 0% (12 polls)
##   #
##   below 210mV: 0% (3 polls)
##   #
##   below 220mV: 0% (6 polls)
##   #
##   below 230mV: 0% (5 polls)
##   #
##   below 240mV: 0% (1 polls)
##   #
##   below 250mV: 0% (4 polls)
##   #
##   below 260mV: 0% (1 polls)
##   #
##   below 270mV: 0% (6 polls)
##   #
##   below 290mV: 0% (3 polls)
##   #
##   below 300mV: 0% (2 polls)
##   #
##   below 310mV: 0% (4 polls)
##   #
##   below 320mV: 0% (1 polls)
##   #
##   below 330mV: 0% (3 polls)
##   #
##   below 350mV: 0% (1 polls)
##   #
##   below 370mV: 0% (1 polls)
##   #
##   below 380mV: 0% (1 polls)
##   #
##   below 430mV: 0% (1 polls)
##   #
##   below 510mV: 0% (1 polls)
##   #
##   below 620mV: 0% (1 polls)
##   #
##   below 670mV: 0% (1 polls)
##   #
##   below 730mV: 0% (1 polls)
##   #
##   below 960mV: 0% (1 polls)
##   #
##
##   ,---
##   | Raw Poll Data
##   '---
##   You can find the Raw measurement data at the end of this report.
##   If the poll is higher than 60mV, the most active process is logged.
##
##   This file can be plotted as graphic with gnuplot.
##
##   EXAMPLE:
##   gnuplot> set xdata time
##   gnuplot> set timefmt "%H:%M:%S"
##   gnuplot> plot "powerstats-report_2016-11-29-19h37m40s_idle" using 1:2
##
##############################
18:00:28 107244 booster [silica-qt5] /usr/bin/harbour-sailorgram -daemon
18:00:30 45318
18:00:32 31176
18:00:34 36748
18:00:37 36104
18:00:39 38569
18:00:41 37390
18:00:43 29998
18:00:45 31176
18:00:47 34926
18:00:49 29354
18:00:51 33105
18:00:53 29998
18:00:55 33641
18:00:57 89566 booster [silica-qt5] /usr/bin/harbour-sailorgram -daemon
18:01:00 29998
18:01:02 34926
18:01:04 32461
18:01:06 32461
18:01:08 42318
18:01:10 35568
18:01:12 33105
18:01:14 45961
18:01:16 32461
18:01:18 299985 booster [silica-qt5] /usr/bin/harbour-sailorgram -daemon
18:01:21 27533
18:01:23 30641
18:01:25 48426
18:01:27 31819
18:01:29 31819
18:01:31 35568
18:01:33 428872 /usr/bin/harbour-sailorgram -daemon
18:01:35 268058 /usr/bin/harbour-sailorgram -daemon booster [silica-qt5]
18:01:38 952240 /usr/bin/harbour-sailorgram -daemon
18:01:40 324520 /usr/bin/harbour-sailorgram -daemon
18:01:42 611649 /usr/lib/buteo-plugins-qt5//oopp/twitter-notifications-client twitter-notifications twitter.Notifications-7
18:01:44 263130 /usr/bin/harbour-sailorgram -daemon
18:01:46 222632 /usr/bin/harbour-sailorgram -daemon booster [silica-qt5]
18:01:48 373053 /usr/bin/harbour-sailorgram -daemon
18:01:51 318412 /usr/bin/harbour-sailorgram -daemon
18:01:53 99316 /usr/bin/harbour-sailorgram -daemon
18:01:55 33641
18:01:57 121386 /usr/bin/harbour-sailorgram -daemon
18:01:59 30641
18:02:02 34283
18:02:04 39854
18:02:06 31283
18:02:08 104244 /usr/bin/harbour-sailorgram -daemon
18:02:10 33105
18:02:12 29354
18:02:14 32461
18:02:16 29998
18:02:18 34283
18:02:20 34283
18:02:23 83352 /usr/bin/harbour-sailorgram -daemon
18:02:25 35568
18:02:27 34283
18:02:29 69318 /usr/bin/harbour-sailorgram -daemon
18:02:31 34926
18:02:34 31283
18:02:36 31283
18:02:38 28819
18:02:40 29354
18:02:42 31819
18:02:44 31819
18:02:46 32461
18:02:48 94387 /usr/bin/harbour-sailorgram -daemon
18:02:50 30641
18:02:52 31819
18:02:55 27533
18:02:57 33105
18:02:59 85281 /usr/bin/harbour-sailorgram -daemon
18:03:01 29354
18:03:03 89566 /usr/bin/harbour-sailorgram -daemon
18:03:06 92031 /usr/bin/harbour-sailorgram -daemon
18:03:08 32461
18:03:10 32461
18:03:12 38033
18:03:14 28176
18:03:16 28176
18:03:18 93209 /usr/bin/harbour-sailorgram -daemon /usr/bin/jolla-camera
18:03:21 75424 /usr/bin/harbour-sailorgram -daemon
18:03:23 33641
18:03:25 49068
18:03:27 34283
18:03:29 123314 /usr/bin/harbour-sailorgram -daemon /usr/bin/jolla-camera
18:03:32 87637 /usr/bin/harbour-sailorgram -daemon
18:03:34 27533
18:03:36 39854
18:03:38 49068
18:03:40 86459 /usr/bin/harbour-sailorgram -daemon /usr/bin/jolla-camera
18:03:43 32461
18:03:45 31819
18:03:47 36104
18:03:49 34283
18:03:51 30641
18:03:53 31283
18:03:55 33641
18:03:57 35568
18:03:59 37390
18:04:01 77246 /usr/bin/harbour-sailorgram -daemon /usr/bin/jolla-camera
18:04:04 96852 /usr/bin/harbour-sailorgram -daemon
18:04:06 53353
18:04:08 31283
18:04:10 81531 /usr/bin/harbour-sailorgram -daemon
18:04:12 32461
18:04:15 32461
18:04:17 34283
18:04:19 36104
18:04:21 30641
18:04:23 30641
18:04:25 96852 /usr/bin/harbour-sailorgram -daemon
18:04:27 33105
18:04:29 30641
18:04:31 40389
18:04:33 33641
18:04:35 32461
18:04:38 31819
18:04:40 119564 /usr/bin/harbour-sailorgram -daemon
18:04:42 30641
18:04:44 87637 /usr/bin/harbour-sailorgram -daemon
18:04:46 26891
18:04:49 31283
18:04:51 32461
18:04:53 29998
18:04:55 39211
18:04:57 31819
18:04:59 32461
18:05:01 288307 /usr/libexec/mapplauncherd/booster-silica-qt5 --systemd
18:05:03 261308 booster [silica-qt5]
18:05:05 720929 booster [silica-qt5]
18:05:07 328162 booster [silica-qt5] /usr/bin/harbour-sailorgram -daemon
18:05:09 48426
18:05:12 41676
18:05:14 122672 booster [silica-qt5]
18:05:16 32461
18:05:18 86459 booster [silica-qt5]
18:05:20 36748
18:05:23 33641
18:05:25 34283
18:05:27 35568
18:05:29 33105
18:05:31 31819
18:05:33 31283
18:05:35 30641
18:05:37 32461
18:05:39 35568
18:05:41 33641
18:05:43 30641
18:05:45 31283
18:05:47 37390
18:05:49 33641
18:05:51 33641
18:05:53 36211
18:05:56 36748
18:05:58 33748
18:06:00 92031 booster [silica-qt5]
18:06:02 36211
18:06:04 34283
18:06:06 35568
18:06:08 30641
18:06:10 37390
18:06:12 34283
18:06:14 31819
18:06:16 33105
18:06:19 33105
18:06:21 93316 booster [silica-qt5]
18:06:23 39854
18:06:25 34926
18:06:27 39854
18:06:29 85923 /usr/bin/harbour-sailorgram -daemon booster [silica-qt5]
18:06:32 29998
18:06:34 31819
18:06:36 30641
18:06:38 31819
18:06:40 120851 /usr/bin/harbour-sailorgram -daemon
18:06:42 34926
18:06:44 123958 /usr/bin/harbour-sailorgram -daemon booster [silica-qt5]
18:06:47 29462
18:06:49 115386 /usr/bin/harbour-sailorgram -daemon
18:06:51 35568
18:06:53 83460 /usr/bin/harbour-sailorgram -daemon booster [silica-qt5]
18:06:56 29998
18:06:58 31819
18:07:00 33748
18:07:02 35568
18:07:04 36748
18:07:06 33105
18:07:08 45961
18:07:10 96316 /usr/bin/harbour-sailorgram -daemon
18:07:13 66853 /usr/bin/harbour-sailorgram -daemon
18:07:15 31819
18:07:17 49068
18:07:19 35568
18:07:21 33748
18:07:23 40497
18:07:25 88923 /usr/bin/harbour-sailorgram -daemon booster [silica-qt5]
18:07:28 41033
18:07:30 36748
18:07:32 33105
18:07:34 34283
18:07:36 31283
18:07:38 32461
18:07:40 28176
18:07:42 28819
18:07:44 33105
18:07:46 46604
18:07:48 33105
18:07:50 31819
18:07:53 92673 /usr/bin/harbour-sailorgram -daemon
18:07:55 29998
18:07:57 33748
18:07:59 47247
18:08:01 249201 /usr/lib/buteo-plugins-qt5//oopp/facebook-notifications-client facebook-notifications facebook.Notifications-3 /usr/lib/buteo-plugins-qt5//oopp/syncemail-client syncemail syncemail-4
18:08:03 302663 /usr/lib/buteo-plugins-qt5//oopp/twitter-posts-client twitter-posts twitter.Posts-7 /usr/lib/buteo-plugins-qt5//oopp/twitter-notifications-client twitter-notifications twitter.Notifications-7
18:08:05 99423 /usr/bin/harbour-sailorgram -daemon /usr/bin/jolla-camera
18:08:08 50889
18:08:10 32461
18:08:12 36748
18:08:14 34283
18:08:16 31283
18:08:18 87745 /usr/bin/harbour-sailorgram -daemon
18:08:20 31283
18:08:22 36211
18:08:24 31819
18:08:27 34283
18:08:29 40497
18:08:31 141743 /usr/bin/harbour-sailorgram -daemon
18:08:33 39854
18:08:35 70603 /usr/bin/harbour-sailorgram -daemon
18:08:38 36211
18:08:40 38033
18:08:42 36748
18:08:44 33748
18:08:46 34283
18:08:48 33748
18:08:50 91388 /usr/bin/harbour-sailorgram -daemon
18:08:52 28819
18:08:54 34283
18:08:56 92031 /usr/bin/harbour-sailorgram -daemon
18:08:59 39854
18:09:01 33105
18:09:03 32461
18:09:05 96316 /usr/bin/harbour-sailorgram -daemon
18:09:07 42961
18:09:10 32461
18:09:12 99423 /usr/bin/harbour-sailorgram -daemon
18:09:14 31283
18:09:16 80353 /usr/bin/harbour-sailorgram -daemon
18:09:18 31819
18:09:21 31283
18:09:23 38676
18:09:25 35568
18:09:27 34926
18:09:29 26355
18:09:31 37390
18:09:33 34283
18:09:35 31819
18:09:37 34926
18:09:39 68674 /usr/bin/harbour-sailorgram -daemon
18:09:42 32461
18:09:44 32461
18:09:46 34283
18:09:48 34926
18:09:50 34283
18:09:52 26998
18:09:54 83460 /usr/bin/harbour-sailorgram -daemon
18:09:56 41033
18:09:58 31819
18:10:00 35568
18:10:02 34283
18:10:05 36211
18:10:07 223381 /usr/bin/harbour-sailorgram -daemon
18:10:09 31819
18:10:11 123958 /usr/bin/harbour-sailorgram -daemon
18:10:14 34283
18:10:16 78531 /usr/bin/harbour-sailorgram -daemon
18:10:18 30641
18:10:20 26998
18:10:22 33105
18:10:24 34926
18:10:26 32461
18:10:28 34926
18:10:30 29998
18:10:32 33105
18:10:35 36748
18:10:37 34926
18:10:39 33748
18:10:41 82174 /usr/bin/harbour-sailorgram -daemon
18:10:43 56461
18:10:45 29998
18:10:47 28176
18:10:49 31283
18:10:51 86566 /usr/bin/harbour-sailorgram -daemon /usr/bin/jolla-camera
18:10:54 33105
18:10:56 43605
18:10:58 31283
18:11:00 29462
18:11:02 32461
18:11:04 29998
18:11:06 120315 /usr/bin/harbour-sailorgram -daemon /usr/bin/jolla-camera
18:11:09 87852 /usr/bin/harbour-sailorgram -daemon
18:11:11 29998
18:11:13 31926
18:11:15 74888 /usr/bin/harbour-sailorgram -daemon
18:11:18 27640
18:11:20 28176
18:11:22 85923 /usr/bin/harbour-sailorgram -daemon
18:11:24 44783
18:11:26 31283
18:11:28 31926
18:11:30 33105
18:11:32 80995 /usr/bin/harbour-sailorgram -daemon /usr/bin/jolla-camera
18:11:35 27640
18:11:37 32461
18:11:39 32461
18:11:41 35568
18:11:43 28819
18:11:45 27640
18:11:47 29462
18:11:49 33748
18:11:51 74246 /usr/bin/harbour-sailorgram -daemon /usr/bin/jolla-camera
18:11:54 94602 /usr/bin/harbour-sailorgram -daemon
18:11:56 31926
18:11:58 30641
18:12:00 31283
18:12:02 80460 /usr/bin/harbour-sailorgram -daemon
18:12:05 29462
18:12:07 31283
18:12:09 29998
18:12:11 85388 /usr/bin/harbour-sailorgram -daemon
18:12:13 39854
18:12:15 33748
18:12:17 24533
18:12:19 46604
18:12:21 83460 /usr/bin/harbour-sailorgram -daemon /usr/bin/jolla-camera
18:12:24 41676
18:12:26 28176
18:12:28 28176
18:12:30 30641
18:12:32 37390
18:12:34 90852 /usr/bin/harbour-sailorgram -daemon
18:12:36 31283
18:12:39 45425
18:12:41 31926
18:12:43 44783
18:12:45 31283
18:12:47 55282
18:12:49 46604
18:12:51 30641
18:12:53 26998
18:12:55 29462
18:12:57 31283
18:12:59 90852 /usr/bin/harbour-sailorgram -daemon /usr/bin/jolla-camera
18:13:02 46068
18:13:04 46068
18:13:06 30641
18:13:08 34390
18:13:10 60746 /usr/bin/harbour-sailorgram -daemon
18:13:12 33105
18:13:14 134457 /usr/bin/harbour-sailorgram -daemon /usr/bin/jolla-camera
18:13:17 31926
18:13:19 30641
18:13:21 33105
18:13:23 34390
18:13:25 31926
18:13:27 30641
18:13:29 29998
18:13:31 33105
18:13:33 45425
18:13:35 28819
18:13:37 30641
18:13:40 92673 /usr/bin/harbour-sailorgram -daemon
18:13:42 30641
18:13:44 29998
18:13:46 29462
18:13:48 31926
18:13:50 31926
18:13:52 34926
18:13:54 33105
18:13:56 65675 /usr/bin/harbour-sailorgram -daemon /usr/bin/jolla-camera
18:13:59 42961
18:14:01 32461
18:14:03 74246 /usr/bin/harbour-sailorgram -daemon
18:14:05 73067 /usr/bin/harbour-sailorgram -daemon /usr/bin/jolla-camera
18:14:08 34390
18:14:10 32461
18:14:12 36855
18:14:14 31283
18:14:16 28819
18:14:18 29462
18:14:20 91495 /usr/bin/harbour-sailorgram -daemon
18:14:22 31926
18:14:24 76710 /usr/bin/harbour-sailorgram -daemon /usr/bin/jolla-camera
18:14:27 38676
18:14:29 46068
18:14:31 33105
18:14:33 31283
18:14:35 90209 /usr/bin/harbour-sailorgram -daemon
18:14:37 30641
18:14:40 30641
18:14:42 30641
18:14:44 29998
18:14:46 30641
18:14:48 31283
18:14:50 29998
18:14:52 34926
18:14:54 112387 /usr/bin/harbour-sailorgram -daemon
18:14:56 29998
18:14:58 25712
18:15:01 26355
18:15:03 36855
18:15:05 33105
18:15:07 30641
18:15:09 32461
18:15:11 29998
18:15:13 32461
18:15:15 38676
18:15:17 76710 /usr/bin/harbour-sailorgram -daemon
18:15:19 28176
18:15:21 28819
18:15:24 31283
18:15:26 89673 /usr/bin/harbour-sailorgram -daemon
18:15:28 31926
18:15:30 28819
18:15:32 30641
18:15:34 35568
18:15:36 29462
18:15:38 33105
18:15:40 28176
18:15:42 27640
18:15:45 66317 /usr/bin/harbour-sailorgram -daemon
18:15:47 33105
18:15:49 30641
18:15:51 31283
18:15:53 34390
18:15:55 31819
18:15:57 31283
18:15:59 31819
18:16:01 31819
18:16:04 32461
18:16:06 33105
18:16:08 38033
18:16:10 73603 /usr/bin/harbour-sailorgram -daemon
18:16:12 38033
18:16:14 45318
18:16:16 32461
18:16:18 32461
18:16:20 31283
18:16:22 87745 /usr/bin/harbour-sailorgram -daemon /usr/bin/jolla-camera
18:16:25 76066 /usr/bin/harbour-sailorgram -daemon
18:16:27 34926
18:16:29 34283
18:16:31 31283
18:16:33 33105
18:16:35 77888 /usr/bin/harbour-sailorgram -daemon
18:16:38 33105
18:16:40 28176
18:16:42 39854
18:16:44 61924 /usr/bin/harbour-sailorgram -daemon
18:16:46 30641
18:16:49 31819
18:16:51 33105
18:16:53 29354
18:16:55 32461
18:16:57 53996
18:16:59 32461
18:17:01 33748
18:17:03 26998
18:17:05 35568
18:17:07 31283
18:17:09 31283
18:17:11 49711
18:17:13 85923 /usr/bin/harbour-sailorgram -daemon /usr/bin/jolla-camera
18:17:16 36211
18:17:18 33748
18:17:20 29354
18:17:22 30641
18:17:24 30641
18:17:26 31283
18:17:28 32461
18:17:30 36748
18:17:32 26998
18:17:34 39854
18:17:36 36211
18:17:38 29354
18:17:41 30641
18:17:43 29998
18:17:45 29998
18:17:47 90209 /usr/bin/harbour-sailorgram -daemon
18:17:49 25712
18:17:51 35568
18:17:53 31819
18:17:55 31283
18:17:57 32461
18:18:00 29998
18:18:02 32461
18:18:04 33105
18:18:06 33105
18:18:08 32461
18:18:10 30641
18:18:12 96958 /usr/bin/harbour-sailorgram -daemon
18:18:14 36211
18:18:16 33748
18:18:19 30641
18:18:21 33105
18:18:23 75424 /usr/bin/harbour-sailorgram -daemon
18:18:25 33105
18:18:27 129421 /usr/bin/harbour-sailorgram -daemon
18:18:30 30641
18:18:32 49068
18:18:34 32461
18:18:36 31283
18:18:38 31283
18:18:40 32461
18:18:42 33748
18:18:44 33105
18:18:46 38569
18:18:48 30641
18:18:50 32461
18:18:52 85923 /usr/bin/harbour-sailorgram -daemon /usr/bin/jolla-camera
18:18:55 28176
18:18:57 80353 /usr/bin/harbour-sailorgram -daemon
18:18:59 29354
18:19:01 34283
18:19:03 29354
18:19:05 37390
18:19:08 220274 /usr/bin/harbour-sailorgram -daemon
18:19:10 34926
18:19:12 35568
18:19:14 31283
18:19:16 31283
18:19:18 38569
18:19:20 29998
18:19:22 29998
18:19:24 76710 /usr/bin/harbour-sailorgram -daemon /usr/bin/jolla-camera
18:19:27 29354
18:19:29 30641
18:19:31 34283
18:19:33 31283
18:19:35 77246 /usr/bin/harbour-sailorgram -daemon
18:19:37 28819
18:19:40 32461
18:19:42 31283
18:19:44 30641
18:19:46 31283
18:19:48 88923 /usr/bin/harbour-sailorgram -daemon
18:19:50 26998
18:19:52 34926
18:19:54 30641
18:19:56 34926
18:19:58 29354
18:20:01 29354
18:20:03 33748
18:20:05 33105
18:20:07 30641
18:20:09 33748
18:20:11 33105
18:20:13 91388 /usr/bin/harbour-sailorgram -daemon
18:20:15 32461
18:20:17 32461
18:20:20 36211
18:20:22 32461
18:20:24 32461
18:20:26 32461
18:20:28 36748
18:20:30 27533
18:20:32 31283
18:20:34 31283
18:20:36 30641
18:20:38 88281 /usr/bin/harbour-sailorgram -daemon /usr/bin/jolla-camera
18:20:41 28819
18:20:43 34926
18:20:45 34283
18:20:47 28819
18:20:49 28819
18:20:51 31819
18:20:53 32461
18:20:55 32461
18:20:57 28176
18:20:59 33748
18:21:01 31283
18:21:03 93316 /usr/bin/harbour-sailorgram -daemon /usr/bin/jolla-camera
18:21:06 37390
18:21:08 34926
18:21:10 42961
18:21:12 31283
18:21:14 31283
18:21:16 27640
18:21:18 33748
18:21:20 29998
18:21:22 29998
18:21:24 85388 /usr/bin/harbour-sailorgram -daemon /usr/bin/jolla-camera
18:21:27 29462
18:21:29 49711
18:21:31 25712
18:21:33 35568
18:21:35 29462
18:21:37 31926
18:21:39 30641
18:21:41 140671 /usr/bin/harbour-sailorgram -daemon /usr/bin/jolla-camera
18:21:44 89673 /usr/bin/harbour-sailorgram -daemon
18:21:46 37390
18:21:48 39854
18:21:50 32461
18:21:52 65031 /usr/bin/harbour-sailorgram -daemon
18:21:55 33748
18:21:57 49711
18:21:59 34390
18:22:01 31926
18:22:03 33105
18:22:05 30641
18:22:07 32461
18:22:09 85388 /usr/bin/harbour-sailorgram -daemon
18:22:11 71245 /usr/bin/harbour-sailorgram -daemon /usr/bin/jolla-camera
18:22:14 33748
18:22:16 31283
18:22:18 28819
18:22:20 28819
18:22:22 31283
18:22:24 87210 /usr/bin/harbour-sailorgram -daemon
18:22:26 27640
18:22:28 31926
18:22:31 29462
18:22:33 29998
18:22:35 35568
18:22:37 30641
18:22:39 31283
18:22:41 35568
18:22:43 27640
18:22:45 26998
18:22:47 31926
18:22:49 28819
18:22:51 28819
18:22:53 82923 /usr/bin/harbour-sailorgram -daemon /usr/bin/jolla-camera
18:22:56 45425
18:22:58 101352 /usr/bin/harbour-sailorgram -daemon
18:23:00 119136 /usr/lib/buteo-plugins-qt5//oopp/twitter-notifications-client twitter-notifications twitter.Notifications-7 /usr/lib/buteo-plugins-qt5//oopp/twitter-posts-client twitter-posts twitter.Posts-7
18:23:02 74888 /usr/bin/harbour-sailorgram -daemon /usr/bin/jolla-camera
18:23:04 45425
18:23:06 29462
18:23:09 30641
18:23:11 36211
18:23:13 76710 /usr/bin/harbour-sailorgram -daemon
18:23:15 29462
18:23:17 35568
18:23:19 28176
18:23:21 34390
18:23:23 29998
18:23:25 113565 /usr/bin/harbour-sailorgram -daemon /usr/bin/jolla-camera
18:23:28 29998
18:23:30 97065 /usr/bin/harbour-sailorgram -daemon
18:23:32 118493 /usr/bin/harbour-sailorgram -daemon
18:23:35 30641
18:23:37 33748
18:23:39 35568
18:23:41 48532
18:23:43 31283
18:23:45 31283
18:23:47 29462
18:23:49 28176
18:23:51 26355
18:23:53 28176
18:23:55 31926
18:23:57 92137 /usr/bin/harbour-sailorgram -daemon /usr/bin/jolla-camera
18:24:00 31283
18:24:02 31926
18:24:04 32461
18:24:06 33105
18:24:08 101887 /usr/bin/harbour-sailorgram -daemon
18:24:10 33105
18:24:12 141850 /usr/bin/harbour-sailorgram -daemon /usr/bin/jolla-camera
18:24:15 33105
18:24:17 31283
18:24:19 27640
18:24:21 31283
18:24:23 34390
18:24:25 81638 /usr/bin/harbour-sailorgram -daemon
18:24:27 82923 /usr/bin/harbour-sailorgram -daemon
18:24:30 90209 /usr/bin/harbour-sailorgram -daemon
18:24:32 90209 /usr/bin/harbour-sailorgram -daemon /usr/bin/jolla-camera
18:24:35 87852 /usr/bin/harbour-sailorgram -daemon
18:24:37 82923 /usr/bin/harbour-sailorgram -daemon
18:24:39 85923 /usr/bin/harbour-sailorgram -daemon /usr/bin/jolla-camera
18:24:42 82281 /usr/bin/harbour-sailorgram -daemon
18:24:44 97601 /usr/bin/harbour-sailorgram -daemon
18:24:47 289914 /usr/bin/harbour-sailorgram -daemon
18:24:49 74246 /usr/bin/harbour-sailorgram -daemon
18:24:51 191669 /usr/bin/harbour-sailorgram -daemon
18:24:53 187276 /usr/bin/harbour-sailorgram -daemon
18:24:55 266558 /usr/bin/harbour-sailorgram -daemon /usr/bin/jolla-camera
18:24:58 131457 /usr/bin/harbour-sailorgram -daemon
18:25:00 127707 /usr/bin/harbour-sailorgram -daemon
18:25:02 134457 /usr/bin/harbour-sailorgram -daemon /usr/bin/jolla-camera
18:25:05 215560 /usr/bin/harbour-sailorgram -daemon
18:25:08 174420 /usr/bin/harbour-sailorgram -daemon
18:25:10 135100 /usr/bin/harbour-sailorgram -daemon
18:25:12 130815 /usr/bin/harbour-sailorgram -daemon
18:25:14 128993 /usr/bin/harbour-sailorgram -daemon /usr/bin/jolla-camera
18:25:17 126529 /usr/bin/harbour-sailorgram -daemon
18:25:19 132635 /usr/bin/harbour-sailorgram -daemon
18:25:22 142492 /usr/bin/harbour-sailorgram -daemon
18:25:24 136385 /usr/bin/harbour-sailorgram -daemon
18:25:26 149885 /usr/bin/harbour-sailorgram -daemon /usr/bin/jolla-camera
18:25:29 128350 /usr/bin/harbour-sailorgram -daemon
18:25:31 144313 /usr/bin/harbour-sailorgram -daemon
18:25:33 198954 /usr/bin/harbour-sailorgram -daemon /usr/bin/jolla-camera
18:25:35 170777 /usr/bin/harbour-sailorgram -daemon /usr/bin/jolla-camera
18:25:38 131457 /usr/bin/harbour-sailorgram -daemon
18:25:40 130815 /usr/bin/harbour-sailorgram -daemon
18:25:42 125243 /usr/bin/harbour-sailorgram -daemon
18:25:44 136921 /usr/bin/harbour-sailorgram -daemon /usr/bin/jolla-camera
18:25:47 130815 /usr/bin/harbour-sailorgram -daemon
18:25:49 136921 /usr/bin/harbour-sailorgram -daemon
18:25:51 192205 /usr/bin/harbour-sailorgram -daemon
18:25:54 169491 /usr/bin/harbour-sailorgram -daemon /usr/bin/jolla-camera
18:25:56 341554 /usr/bin/harbour-sailorgram -daemon /usr/bin/jolla-camera
18:25:59 320770 /usr/bin/harbour-sailorgram -daemon
18:26:01 135100 /usr/bin/harbour-sailorgram -daemon /usr/bin/jolla-camera
18:26:04 265486 /usr/bin/harbour-sailorgram -daemon
18:26:06 141957 /usr/bin/harbour-sailorgram -daemon /usr/bin/jolla-camera
18:26:08 200346 /usr/bin/harbour-sailorgram -daemon /usr/bin/jolla-camera
18:26:11 33748
18:26:13 32569
18:26:15 38033
18:26:17 51533
18:26:19 32569
18:26:21 34926
18:26:23 28176
18:26:25 33748
18:26:27 127814 /usr/bin/harbour-sailorgram -daemon
18:26:30 91495 /usr/bin/harbour-sailorgram -daemon
18:26:32 36211
18:26:34 59568
18:26:36 31926
18:26:38 30641
18:26:40 44247
18:26:42 31926
18:26:44 35568
18:26:47 28176
18:26:49 28176
18:26:51 34390
18:26:53 25712
18:26:55 99530 /usr/bin/harbour-sailorgram -daemon
18:26:57 36855
18:26:59 32569
18:27:01 95780 /usr/bin/harbour-sailorgram -daemon /usr/bin/jolla-camera
18:27:04 31926
18:27:06 40497
18:27:08 91495 /usr/bin/harbour-sailorgram -daemon
18:27:10 90317 /usr/bin/harbour-sailorgram -daemon /usr/bin/jolla-camera
18:27:13 32569
18:27:15 39318
18:27:17 38033
18:27:19 33105
18:27:21 39318
18:27:23 31283
18:27:25 38033
18:27:27 33105
18:27:29 101352 /usr/bin/harbour-sailorgram -daemon
18:27:32 87210 /usr/bin/harbour-sailorgram -daemon
18:27:34 35568
18:27:36 37390
18:27:38 33748
18:27:40 33748
18:27:42 36211
18:27:44 87210 /usr/bin/harbour-sailorgram -daemon /usr/bin/jolla-camera
18:27:47 32569
18:27:49 31283
18:27:51 33748
18:27:53 32569
18:27:55 32569
18:27:57 82923 /usr/bin/harbour-sailorgram -daemon
18:27:59 95245 /usr/bin/harbour-sailorgram -daemon
18:28:02 31283
18:28:04 33105
18:28:06 39318
18:28:08 37390
18:28:10 32569
18:28:12 29462
18:28:14 49068
18:28:16 34926
18:28:18 51533
18:28:20 37390
18:28:23 31283
18:28:25 93959 /usr/bin/harbour-sailorgram -daemon
18:28:27 37390
18:28:29 87210 /usr/bin/harbour-sailorgram -daemon
18:28:31 37390
18:28:34 29462
18:28:36 36211
18:28:38 31283
18:28:40 93316 /usr/bin/harbour-sailorgram -daemon
18:28:42 34926
18:28:44 32569
18:28:46 31283
18:28:48 33105
18:28:50 29462
18:28:53 30105
18:28:55 30641
18:28:57 28176
18:28:59 123422 /usr/bin/harbour-sailorgram -daemon
18:29:01 30105
18:29:03 82281 /usr/bin/harbour-sailorgram -daemon
18:29:06 31283
18:29:08 28176
18:29:10 32569
18:29:12 31926
18:29:14 28819
18:29:16 32569
18:29:18 33748
18:29:20 98887 /usr/bin/harbour-sailorgram -daemon /usr/bin/jolla-camera
18:29:23 28819
18:29:25 86566 /usr/bin/harbour-sailorgram -daemon
18:29:27 30641
18:29:29 31926
18:29:31 30105
18:29:33 28819
18:29:35 94602 /usr/bin/harbour-sailorgram -daemon /usr/bin/jolla-camera
18:29:38 64496 /usr/bin/harbour-sailorgram -daemon
18:29:40 37390
18:29:42 31283
18:29:44 31283
18:29:46 95780 /usr/bin/harbour-sailorgram -daemon /usr/bin/jolla-camera
18:29:49 28176
18:29:51 36211
18:29:53 28819
18:29:55 35568
18:29:57 49068
18:29:59 28819
18:30:01 34390
18:30:03 32569
18:30:05 96423 /usr/bin/harbour-sailorgram -daemon /usr/bin/jolla-camera
18:30:08 31283
18:30:10 34390
18:30:12 84745 /usr/bin/harbour-sailorgram -daemon
18:30:14 30105
18:30:16 30641
18:30:18 31283
18:30:20 28176
18:30:22 35568
18:30:25 31283
18:30:27 29462
18:30:29 109922 /usr/bin/harbour-sailorgram -daemon
18:30:31 106922 /usr/bin/harbour-sailorgram -daemon
18:30:33 31926
18:30:36 31926
18:30:38 32569
18:30:40 32569
18:30:42 35568
18:30:44 34926
18:30:46 33105
18:30:48 35568
18:30:50 31283
18:30:52 128350 /usr/bin/harbour-sailorgram -daemon
18:30:54 45425
18:30:56 172598 /usr/bin/harbour-sailorgram -daemon
18:30:59 33748
18:31:01 32461
18:31:03 28176
18:31:05 43497
18:31:07 102530 /usr/bin/harbour-sailorgram -daemon
18:31:09 49711
18:31:12 87745 /usr/bin/harbour-sailorgram -daemon
18:31:14 38033
18:31:16 31819
18:31:18 31283
18:31:20 33105
18:31:22 31283
18:31:24 31819
18:31:26 90209 /usr/bin/harbour-sailorgram -daemon /usr/bin/jolla-camera
18:31:29 29998
18:31:31 29998
18:31:33 88388 /usr/bin/harbour-sailorgram -daemon
18:31:35 29462
18:31:37 31283
18:31:39 28176
18:31:41 29462
18:31:43 29462
18:31:46 31819
18:31:48 32461
18:31:50 30641
18:31:52 31819
18:31:54 26998
18:31:56 29462
18:31:58 26355
18:32:00 92031 /usr/bin/harbour-sailorgram -daemon
18:32:02 85281 /usr/bin/harbour-sailorgram -daemon
18:32:05 36748
18:32:07 27533
18:32:09 27533
18:32:11 26998
18:32:13 29462
18:32:15 96316 /usr/bin/harbour-sailorgram -daemon /usr/bin/jolla-camera
18:32:18 29998
18:32:20 84102 /usr/bin/harbour-sailorgram -daemon
18:32:22 29462
18:32:24 27533
18:32:26 31283
18:32:28 28819
18:32:30 92673 /usr/bin/harbour-sailorgram -daemon /usr/bin/jolla-camera
18:32:33 29998
18:32:35 36211
18:32:37 29462
18:32:39 87745 /usr/bin/harbour-sailorgram -daemon
18:32:41 109280 /usr/bin/harbour-sailorgram -daemon /usr/bin/jolla-camera
18:32:44 34926
18:32:46 99423 /usr/bin/harbour-sailorgram -daemon
18:32:48 28819
18:32:50 36748
18:32:52 29998
18:32:54 26998
18:32:56 30641
18:32:58 33748
18:33:01 26355
18:33:03 86566 /usr/bin/harbour-sailorgram -daemon
18:33:05 86566 /usr/bin/harbour-sailorgram -daemon
18:33:07 29462
18:33:09 27533
18:33:11 29462
18:33:14 30641
18:33:16 28819
18:33:18 31819
18:33:20 31819
18:33:22 35568
18:33:24 27533
18:33:26 29462
18:33:28 30641
18:33:30 88388 /usr/bin/harbour-sailorgram -daemon
18:33:33 31819
18:33:35 110458 /usr/bin/harbour-sailorgram -daemon
18:33:37 30641
18:33:39 33105
18:33:41 31819
18:33:43 29462
18:33:45 87745 /usr/bin/harbour-sailorgram -daemon /usr/bin/jolla-camera
18:33:48 31283
18:33:50 28819
18:33:52 28176
18:33:54 28176
18:33:56 31819
18:33:58 29462
18:34:00 31819
18:34:02 42961
18:34:04 28819
18:34:06 30641
18:34:08 40497
18:34:10 90852 /usr/bin/harbour-sailorgram -daemon /usr/bin/jolla-camera
18:34:13 33748
18:34:15 34926
18:34:17 29998
18:34:19 28176
18:34:21 36748
18:34:23 26355
18:34:25 29998
18:34:27 27533
18:34:29 31283
18:34:31 45961
18:34:33 29462
18:34:36 30641
18:34:38 29462
18:34:40 27533
18:34:42 64389 /usr/bin/harbour-sailorgram -daemon
18:34:44 29998
18:34:46 70603 /usr/bin/harbour-sailorgram -daemon /usr/bin/jolla-camera
18:34:49 28819
18:34:51 29462
18:34:53 27533
18:34:55 30641
18:34:57 27533
18:34:59 27533
18:35:01 87745 /usr/bin/harbour-sailorgram -daemon
18:35:03 31819
18:35:05 29462
18:35:08 27533
18:35:10 27533
18:35:12 30641
18:35:14 27533
18:35:16 81638 /usr/bin/harbour-sailorgram -daemon
18:35:18 42318
18:35:20 30641
18:35:22 33105
18:35:24 31283
18:35:27 34926
18:35:29 26998
18:35:31 26998
18:35:33 28819
18:35:35 31819
18:35:37 61924 /usr/bin/harbour-sailorgram -daemon
18:35:39 65031 /usr/bin/harbour-sailorgram -daemon /usr/bin/jolla-camera
18:35:41 86566 /usr/bin/harbour-sailorgram -daemon
18:35:44 66853 /usr/bin/harbour-sailorgram -daemon
18:35:46 35568
18:35:48 35568
18:35:50 29462
18:35:52 46604
18:35:55 29998
18:35:57 84638 /usr/bin/harbour-sailorgram -daemon
18:35:59 31819
18:36:01 86459 /usr/bin/harbour-sailorgram -daemon
18:36:03 38033
18:36:06 44783
18:36:08 34283
18:36:10 31283
18:36:12 92031 /usr/bin/harbour-sailorgram -daemon
18:36:14 33105
18:36:16 82816 /usr/bin/harbour-sailorgram -daemon /usr/bin/jolla-camera
18:36:19 33641
18:36:21 30641
18:36:23 33641
18:36:25 84638 /usr/bin/harbour-sailorgram -daemon
18:36:27 31819
18:36:29 36104
18:36:31 31819
18:36:33 32461
18:36:35 32461
18:36:38 29998
18:36:40 31819
18:36:42 26891
18:36:44 32461
18:36:46 28819
18:36:48 33641
18:36:50 30641
18:36:52 31283
18:36:54 33105
18:36:56 31283
18:36:58 31283
18:37:00 87102 /usr/bin/harbour-sailorgram -daemon /usr/bin/jolla-camera
18:37:03 101779 /usr/bin/harbour-sailorgram -daemon
18:37:05 33105
18:37:07 36748
18:37:09 31819
18:37:11 83352 /usr/bin/harbour-sailorgram -daemon
18:37:13 42318
18:37:16 32461
18:37:18 35568
18:37:20 30641
18:37:22 33105
18:37:24 32461
18:37:26 33105
18:37:28 34283
18:37:30 83996 /usr/bin/harbour-sailorgram -daemon
18:37:32 29354
18:37:34 30641
18:37:36 49068
18:37:39 29998
18:37:41 28176
18:37:43 85816 /usr/bin/harbour-sailorgram -daemon
18:37:45 31283
18:37:47 35568
18:37:49 29998
18:37:51 28819
18:37:53 108529 /usr/bin/harbour-sailorgram -daemon /usr/bin/jolla-camera
18:37:56 29998
18:37:58 87637 /usr/bin/harbour-sailorgram -daemon
18:38:00 157599 /usr/lib/buteo-plugins-qt5//oopp/facebook-signon-client facebook-signon facebook.Signon-3 /usr/lib/buteo-plugins-qt5//oopp/syncemail-client syncemail syncemail-4
18:38:02 96316 /usr/lib/buteo-plugins-qt5//oopp/facebook-notifications-client facebook-notifications facebook.Notifications-3 /usr/lib/buteo-plugins-qt5//oopp/facebook-signon-client facebook-signon facebook.Signon-3
18:38:04 157063 /usr/lib/buteo-plugins-qt5//oopp/twitter-posts-client twitter-posts twitter.Posts-7 /usr/lib/buteo-plugins-qt5//oopp/twitter-notifications-client twitter-notifications twitter.Notifications-7
18:38:07 99959 /usr/bin/harbour-sailorgram -daemon
18:38:09 38033
18:38:11 44783
18:38:13 288950 /usr/bin/harbour-sailorgram -daemon
18:38:15 99316 /usr/bin/harbour-sailorgram -daemon
18:38:17 37390
18:38:19 33641
18:38:21 88923 /usr/bin/harbour-sailorgram -daemon /usr/bin/jolla-camera
18:38:24 31283
18:38:26 106708 /usr/bin/harbour-sailorgram -daemon
18:38:28 98137 /usr/bin/harbour-sailorgram -daemon
18:38:30 30641
18:38:33 29998
18:38:35 28819
18:38:37 64389 /usr/bin/harbour-sailorgram -daemon
18:38:39 29998
18:38:41 35568
18:38:43 29354
18:38:45 32461
18:38:47 30641
18:38:49 33641
18:38:51 30641
18:38:54 37390
18:38:56 29998
18:38:58 31819
18:39:00 29998
18:39:02 30641
18:39:04 31819
18:39:06 28176
18:39:08 44783
18:39:10 30641
18:39:12 29354
18:39:14 86459 /usr/bin/harbour-sailorgram -daemon /usr/bin/jolla-camera
18:39:17 29354
18:39:19 93209 /usr/bin/harbour-sailorgram -daemon
18:39:21 29998
18:39:23 28819
18:39:25 80888 /usr/bin/harbour-sailorgram -daemon /usr/bin/jolla-camera
18:39:28 28176
18:39:30 29354
18:39:32 32461
18:39:34 45961
18:39:36 30641
18:39:38 44140
18:39:40 64389 /usr/bin/harbour-sailorgram -daemon
18:39:42 33105
18:39:44 28819
18:39:47 30641
18:39:49 43497
18:39:51 29354
18:39:53 29354
18:39:55 29998
18:39:57 29354
18:39:59 28819
18:40:01 31283
18:40:03 42318
18:40:05 33105
18:40:07 29998
18:40:09 92031 /usr/bin/harbour-sailorgram -daemon /usr/bin/jolla-camera
18:40:12 33641
18:40:14 32461
18:40:16 31819
18:40:18 33105
18:40:20 35568
18:40:22 32461
18:40:24 36104
18:40:26 31819
18:40:28 31283
18:40:30 31819
18:40:32 35568
18:40:34 31283
18:40:37 93209 /usr/bin/harbour-sailorgram -daemon
18:40:39 59461
18:40:41 32461
18:40:43 29998
18:40:45 28176
18:40:47 43497
18:40:49 27533
18:40:51 28819
18:40:53 29998
18:40:55 29998
18:40:58 31819
18:41:00 29890
18:41:02 29354
18:41:04 24426
18:41:06 29354
18:41:08 26248
18:41:10 85603 /usr/bin/harbour-sailorgram -daemon
18:41:12 32354
18:41:14 83138 /usr/bin/harbour-sailorgram -daemon
18:41:17 29354
18:41:19 28712
18:41:21 30534
18:41:23 24426
18:41:25 42747
18:41:27 31176
18:41:29 83781 /usr/bin/harbour-sailorgram -daemon /usr/bin/jolla-camera
18:41:32 23784
18:41:34 23784
18:41:36 36640
18:41:38 27427
18:41:40 26248
18:41:42 27427
18:41:44 79495 /usr/bin/harbour-sailorgram -daemon
18:41:46 26891
18:41:49 31176
18:41:51 147956 /usr/bin/harbour-sailorgram -daemon
18:41:53 26248
18:41:55 36640
18:41:57 30534
18:41:59 31176
18:42:01 30534
18:42:03 122886 /usr/bin/harbour-sailorgram -daemon /usr/bin/jolla-camera
18:42:06 84959 /usr/bin/harbour-sailorgram -daemon
18:42:08 29890
18:42:10 84316 /usr/bin/harbour-sailorgram -daemon
18:42:13 26248
18:42:15 91709 /usr/bin/harbour-sailorgram -daemon
18:42:17 31712
18:42:19 26248
18:42:21 30534
18:42:23 29354
18:42:25 26891
18:42:27 33533
18:42:29 34176
18:42:31 26891
18:42:34 30534
18:42:36 26248
18:42:38 29890
18:42:40 25069
18:42:42 42747
18:42:44 32997
18:42:46 81316 /usr/bin/harbour-sailorgram -daemon
18:42:48 29354
18:42:50 87423 /usr/bin/harbour-sailorgram -daemon /usr/bin/jolla-camera
18:42:53 27427
18:42:55 28712
18:42:57 62353 /usr/bin/harbour-sailorgram -daemon
18:42:59 25605
18:43:01 28712
18:43:03 28069
18:43:05 82495 /usr/bin/harbour-sailorgram -daemon
18:43:08 26891
18:43:10 29354
18:43:12 26891
18:43:14 28712
18:43:16 26248
18:43:18 26891
18:43:20 30534
18:43:22 25069
18:43:24 33533
18:43:27 28712
18:43:29 24426
18:43:31 91066 /usr/bin/harbour-sailorgram -daemon
18:43:33 20784
18:43:35 28712
18:43:37 75210 /usr/bin/harbour-sailorgram -daemon /usr/bin/jolla-camera
18:43:40 26248
18:43:42 26891
18:43:44 26248
18:43:46 150420 /usr/bin/harbour-sailorgram -daemon
18:43:48 29890
18:43:50 27427
18:43:52 26891
18:43:54 28712
18:43:56 45212
18:43:59 26891
18:44:01 25605
18:44:03 25605
18:44:05 29890
18:44:07 23141
18:44:09 27427
18:44:11 31176
18:44:13 27427
18:44:15 30534
18:44:17 27427
18:44:19 25605
18:44:21 83138 /usr/bin/harbour-sailorgram -daemon /usr/bin/jolla-camera
18:44:24 31176
18:44:26 28712
18:44:28 33533
18:44:30 28712
18:44:32 35997
18:44:34 30534
18:44:36 28712
18:44:38 29354
18:44:40 28069
18:44:42 28069
18:44:44 28712
18:44:46 89245 /usr/bin/harbour-sailorgram -daemon
18:44:49 30534
18:44:51 29890
18:44:53 91066 /usr/bin/harbour-sailorgram -daemon
18:44:55 28712
18:44:57 30534
18:44:59 27427
18:45:02 25605
18:45:04 42104
18:45:06 25605
18:45:08 42104
18:45:10 89245 /usr/bin/harbour-sailorgram -daemon
18:45:12 103280 /usr/bin/harbour-sailorgram -daemon /usr/bin/jolla-camera
18:45:15 27427
18:45:17 59246
18:45:19 29890
18:45:21 32354
18:45:23 23784
18:45:25 92887 /usr/bin/harbour-sailorgram -daemon
18:45:27 26248
18:45:29 31712
18:45:31 29354
18:45:34 25069
18:45:36 28069
18:45:38 26891
18:45:40 26891
18:45:42 29354
18:45:44 26248
18:45:46 27427
18:45:48 18855
18:45:50 86781 /usr/bin/harbour-sailorgram -daemon
18:45:52 43390
18:45:55 23141
18:45:57 35462
18:45:59 28712
18:46:01 35568
18:46:03 29998
18:46:05 29354
18:46:07 28819
18:46:09 33105
18:46:11 27533
18:46:13 33105
18:46:15 30641
18:46:17 33105
18:46:19 28819
18:46:21 33748
18:46:24 28819
18:46:26 90744 /usr/bin/harbour-sailorgram -daemon
18:46:28 33748
18:46:30 33748
18:46:32 110994 /usr/bin/harbour-sailorgram -daemon /usr/bin/jolla-camera
18:46:35 32461
18:46:37 68674 /usr/bin/harbour-sailorgram -daemon
18:46:39 33748
18:46:41 43497
18:46:43 28176
18:46:45 29354
18:46:47 33748
18:46:49 33105
18:46:51 29998
18:46:54 34926
18:46:56 32461
18:46:58 31283
18:47:00 31819
18:47:02 31819
18:47:04 92031 /usr/bin/harbour-sailorgram -daemon
18:47:06 31819
18:47:08 34283
18:47:10 31819
18:47:12 51533
18:47:15 89566 /usr/bin/harbour-sailorgram -daemon
18:47:17 110994 /usr/bin/harbour-sailorgram -daemon
18:47:19 32461
18:47:21 53353
18:47:24 29998
18:47:26 31819
18:47:28 29998
18:47:30 87102 /usr/bin/harbour-sailorgram -daemon
18:47:32 34283
18:47:34 50246
18:47:36 30641
18:47:38 32461
18:47:40 30641
18:47:42 32461
18:47:44 28819
18:47:47 32461
18:47:49 34926
18:47:51 29354
18:47:53 32461
18:47:55 34926
18:47:57 87702 /usr/bin/harbour-sailorgram -daemon
18:47:59 69306 /usr/bin/harbour-sailorgram -daemon /usr/bin/jolla-camera
18:48:02 30588
18:48:04 58289
18:48:06 33690
18:48:08 30588
18:48:10 32514
18:48:12 96258 /usr/bin/harbour-sailorgram -daemon
18:48:14 34331
18:48:16 31230
18:48:19 32514
18:48:21 95723 /usr/bin/harbour-sailorgram -daemon
18:48:23 31871
18:48:25 55829
18:48:27 95723 /usr/bin/harbour-sailorgram -daemon
18:48:29 29412
18:48:32 36149
18:48:34 33690
18:48:36 132515 /usr/bin/harbour-sailorgram -daemon
18:48:38 33690
18:48:40 120857 /usr/bin/harbour-sailorgram -daemon /usr/bin/jolla-camera
18:48:43 33048
18:48:45 115296 /usr/bin/harbour-sailorgram -daemon
18:48:47 33048
18:48:49 28769
18:48:51 31230
18:48:53 38609
18:48:55 28128
18:48:57 100644 /usr/bin/harbour-sailorgram -daemon /usr/bin/jolla-camera
18:49:00 36149
18:49:02 46631
18:49:04 37433
18:49:06 30588
18:49:08 31871
18:49:10 90162 /usr/bin/harbour-sailorgram -daemon
18:49:13 31871
18:49:15 89520 /usr/bin/harbour-sailorgram -daemon
18:49:17 31871
18:49:19 31230
18:49:21 76044 /usr/bin/harbour-sailorgram -daemon
18:49:24 32514
18:49:26 34331
18:49:28 33690
18:49:30 96258 /usr/bin/harbour-sailorgram -daemon
18:49:32 37433
18:49:34 28128
18:49:36 30053
18:49:38 32514
18:49:40 94440 /usr/bin/harbour-sailorgram -daemon /usr/bin/jolla-camera
18:49:43 30588
18:49:45 142890 /usr/bin/harbour-sailorgram -daemon
18:49:47 197544 /usr/bin/harbour-sailorgram -daemon /usr/bin/jolla-camera
18:49:50 35508
18:49:52 45348
18:49:54 29412
18:49:56 33048
18:49:58 28769
18:50:00 92621 /usr/bin/harbour-sailorgram -daemon
18:50:02 34973
18:50:04 32514
18:50:06 34331
18:50:09 126419 /usr/bin/harbour-sailorgram -daemon
18:50:11 30588
18:50:13 138077 /usr/bin/harbour-sailorgram -daemon
18:50:15 87702 /usr/bin/harbour-sailorgram -daemon /usr/bin/jolla-camera
18:50:18 36792
18:50:20 36792
18:50:22 116579 /usr/bin/harbour-sailorgram -daemon
18:50:24 35508
18:50:26 31230
18:50:28 87702 /usr/bin/harbour-sailorgram -daemon
18:50:31 95723 /usr/bin/harbour-sailorgram -daemon
18:50:33 30053
18:50:35 34331
18:50:37 33690
18:50:39 34331
18:50:42 36792
18:50:44 31871
18:50:46 88985 /usr/bin/harbour-sailorgram -daemon
18:50:48 31230
18:50:50 63744 /usr/bin/harbour-sailorgram -daemon
18:50:53 34973
18:50:55 114762 /usr/bin/harbour-sailorgram -daemon
18:50:57 87702 /usr/bin/harbour-sailorgram -daemon
18:50:59 31230
18:51:01 88878 /usr/bin/harbour-sailorgram -daemon
18:51:04 31871
18:51:06 86418 /usr/bin/harbour-sailorgram -daemon
18:51:08 28769
18:51:10 31230
18:51:12 30588
18:51:15 29412
18:51:17 85776 /usr/bin/harbour-sailorgram -daemon
18:51:19 31230
18:51:21 91338 /usr/bin/harbour-sailorgram -daemon
18:51:23 36685
18:51:25 31230
18:51:28 30588
18:51:30 29947
18:51:32 127489 /usr/bin/harbour-sailorgram -daemon
18:51:34 34866
18:51:36 91873 /usr/bin/harbour-sailorgram -daemon
18:51:39 29412
18:51:41 28128
18:51:43 30588
18:51:45 29412
18:51:47 91338 /usr/bin/harbour-sailorgram -daemon
18:51:49 32406
18:51:51 91338 /usr/bin/harbour-sailorgram -daemon /usr/bin/jolla-camera
18:51:54 29947
18:51:56 31230
18:51:58 29947
18:52:00 85135 /usr/bin/harbour-sailorgram -daemon
18:52:02 32406
18:52:04 85135 /usr/bin/harbour-sailorgram -daemon /usr/bin/jolla-camera
18:52:07 93156 /usr/bin/harbour-sailorgram -daemon
18:52:09 30588
18:52:11 29412
18:52:13 29412
18:52:15 32406
18:52:17 88878 /usr/bin/harbour-sailorgram -daemon /usr/bin/jolla-camera
18:52:20 71658 /usr/bin/harbour-sailorgram -daemon
18:52:22 33048
18:52:24 33690
18:52:26 29412
18:52:28 29947
18:52:30 32406
18:52:32 91338 /usr/bin/harbour-sailorgram -daemon
18:52:35 31230
18:52:37 87060 /usr/bin/harbour-sailorgram -daemon
18:52:39 28128
18:52:41 29412
18:52:43 33048
18:52:45 31230
18:52:48 87060 /usr/bin/harbour-sailorgram -daemon
18:52:50 107809 /usr/bin/harbour-sailorgram -daemon
18:52:52 31871
18:52:54 32406
18:52:56 47808
18:52:59 69840 /usr/lib/buteo-plugins-qt5//oopp/twitter-notifications-client twitter-notifications twitter.Notifications-7
18:53:01 295514 /usr/lib/buteo-plugins-qt5//oopp/twitter-posts-client twitter-posts twitter.Posts-7
18:53:03 38609
18:53:05 31230
18:53:07 93799 /usr/bin/harbour-sailorgram -daemon
18:53:10 31230
18:53:12 31230
18:53:14 30588
18:53:16 28769
18:53:18 94333 /usr/bin/harbour-sailorgram -daemon
18:53:20 40428
18:53:22 93799 /usr/bin/harbour-sailorgram -daemon /usr/bin/jolla-camera
18:53:25 28769
18:53:27 30588
18:53:29 65562 /usr/bin/harbour-sailorgram -daemon
18:53:31 34331
18:53:33 33690
18:53:35 29947
18:53:37 114012 /usr/bin/harbour-sailorgram -daemon /usr/bin/jolla-camera
18:53:40 29947
18:53:42 32406
18:53:44 42887
18:53:46 29412
18:53:48 41604
18:53:50 35508
18:53:52 27486
18:53:54 31871
18:53:56 134869 /usr/bin/harbour-sailorgram -daemon /usr/bin/jolla-camera
18:53:59 32406
18:54:01 30588
18:54:03 29947
18:54:05 32406
18:54:07 85776 /usr/bin/harbour-sailorgram -daemon
18:54:09 26310
18:54:11 33048
18:54:13 85776 /usr/bin/harbour-sailorgram -daemon
18:54:16 27486
18:54:18 30588
18:54:20 26310
18:54:22 127489 /usr/bin/harbour-sailorgram -daemon
18:54:24 32406
18:54:27 82675 /usr/bin/harbour-sailorgram -daemon
18:54:29 33048
18:54:31 45882
18:54:33 92515 /usr/bin/harbour-sailorgram -daemon
18:54:35 27486
18:54:38 45882
18:54:40 29412
18:54:42 27486
18:54:44 91873 /usr/bin/harbour-sailorgram -daemon
18:54:46 39144
18:54:48 34331
18:54:50 30588
18:54:52 88878 /usr/bin/harbour-sailorgram -daemon /usr/bin/jolla-camera
18:54:55 45348
18:54:57 41070
18:54:59 91338 /usr/bin/harbour-sailorgram -daemon
18:55:01 28769
18:55:03 28769
18:55:05 29412
18:55:07 121927 /usr/bin/harbour-sailorgram -daemon /usr/bin/jolla-camera
18:55:10 30588
18:55:12 31230
18:55:14 29412
18:55:16 91873 /usr/bin/harbour-sailorgram -daemon
18:55:18 30588
18:55:20 33048
18:55:22 94975 /usr/bin/harbour-sailorgram -daemon
18:55:25 28128
18:55:27 28128
18:55:29 28769
18:55:31 167918 /usr/bin/harbour-sailorgram -daemon
18:55:33 31230
18:55:35 32406
18:55:38 32406
18:55:40 31871
18:55:42 29412
18:55:44 28128
18:55:46 31230
18:55:48 86418 /usr/bin/harbour-sailorgram -daemon
18:55:50 105991 /usr/bin/harbour-sailorgram -daemon /usr/bin/jolla-camera
18:55:53 37968
18:55:55 31871
18:55:57 29412
18:55:59 36149
18:56:01 27486
18:56:03 90054 /usr/bin/harbour-sailorgram -daemon
18:56:05 29412
18:56:07 42887
18:56:09 41604
18:56:12 43422
18:56:14 31230
18:56:16 29412
18:56:18 47701
18:56:20 24491
18:56:22 38609
18:56:24 26310
18:56:26 85135 /usr/bin/harbour-sailorgram -daemon
18:56:28 48984
18:56:30 25668
18:56:33 24491
18:56:35 28128
18:56:37 26310
18:56:39 30588
18:56:41 27486
18:56:43 28769
18:56:45 25668
18:56:47 25668
18:56:49 91232 /usr/bin/harbour-sailorgram -daemon
18:56:52 26310
18:56:54 88771 /usr/bin/harbour-sailorgram -daemon
18:56:56 26952
18:56:58 26310
18:57:00 29947
18:57:02 33690
18:57:04 29412
18:57:06 26952
18:57:08 91232 /usr/bin/harbour-sailorgram -daemon /usr/bin/jolla-camera
18:57:11 27486
18:57:13 113906 /usr/bin/harbour-sailorgram -daemon
18:57:15 31230
18:57:17 27486
18:57:19 26952
18:57:21 28128
18:57:23 31230
18:57:25 28128
18:57:28 68556 /usr/bin/harbour-sailorgram -daemon
18:57:30 28128
18:57:32 51444
18:57:34 82675 /usr/bin/harbour-sailorgram -daemon
18:57:36 26952
18:57:39 27486
18:57:41 28128
18:57:43 85776 /usr/bin/harbour-sailorgram -daemon
18:57:45 26310
18:57:47 26310
18:57:49 83959 /usr/bin/harbour-sailorgram -daemon
18:57:52 24491
18:57:54 25668
18:57:56 28769
18:57:58 25026
18:58:00 37968
18:58:02 25668
18:58:04 29947
18:58:06 31230
18:58:08 26952
18:58:10 23850
18:58:12 25668
18:58:14 113906 /usr/bin/harbour-sailorgram -daemon /usr/bin/jolla-camera
18:58:17 29947
18:58:19 65562 /usr/bin/harbour-sailorgram -daemon
18:58:21 28769
18:58:23 78397 /usr/bin/harbour-sailorgram -daemon /usr/bin/jolla-camera
18:58:26 38609
18:58:28 31764
18:58:30 28769
18:58:32 25668
18:58:34 27486
18:58:36 28128
18:58:38 25668
18:58:40 28128
18:58:42 25026
18:58:44 28769
18:58:46 29412
18:58:48 28769
18:58:50 28769
18:58:52 83959 /usr/bin/harbour-sailorgram -daemon
18:58:55 82033 /usr/bin/harbour-sailorgram -daemon
18:58:57 28128
18:58:59 27486
18:59:01 28769
18:59:03 45348
18:59:06 30588
18:59:08 72300 /usr/bin/harbour-sailorgram -daemon
18:59:10 104172 /usr/bin/harbour-sailorgram -daemon
18:59:12 26952
18:59:14 29412
18:59:16 90697 /usr/bin/harbour-sailorgram -daemon
18:59:19 26310
18:59:21 32406
18:59:23 86953 /usr/bin/harbour-sailorgram -daemon
18:59:25 29947
18:59:27 29947
18:59:30 31764
18:59:32 24491
18:59:34 27486
18:59:36 26952
18:59:38 26952
18:59:40 25668
18:59:42 90054 /usr/bin/harbour-sailorgram -daemon
18:59:44 26952
18:59:46 28769
18:59:48 26310
18:59:50 84493 /usr/bin/harbour-sailorgram -daemon
18:59:53 31764
18:59:55 22674
18:59:57 27486
18:59:59 27486
19:00:01 70482 /usr/bin/harbour-sailorgram -daemon
19:00:04 31230
19:00:06 83317 /usr/bin/harbour-sailorgram -daemon
19:00:08 23850
19:00:10 29412
19:00:12 27486
19:00:14 28128
19:00:16 27486
19:00:18 27486
19:00:20 30588
19:00:22 34866
19:00:25 28128
19:00:27 31230
19:00:29 83317 /usr/bin/harbour-sailorgram -daemon
19:00:31 22032
19:00:33 26952
19:00:35 26952
19:00:37 28128
19:00:39 32406
19:00:41 26310
19:00:44 28128
19:00:46 24491
19:00:48 33048
19:00:50 29412
19:00:52 23208
19:00:54 90697 /usr/bin/harbour-sailorgram -daemon
19:00:56 85776 /usr/bin/harbour-sailorgram -daemon /usr/bin/jolla-camera
19:00:59 29412
19:01:01 31764
19:01:03 29947
19:01:05 29947
19:01:07 32406
19:01:09 94440 /usr/bin/harbour-sailorgram -daemon
19:01:11 85776 /usr/bin/harbour-sailorgram -daemon /usr/bin/jolla-camera
19:01:14 36149
19:01:16 32406
19:01:18 30588
19:01:20 31230
19:01:22 50802
19:01:24 29412
19:01:26 91338 /usr/bin/harbour-sailorgram -daemon
19:01:28 31230
19:01:31 33048
19:01:33 27593
19:01:35 36792
19:01:37 37968
19:01:39 33048
19:01:41 33048
19:01:43 35508
19:01:45 31230
19:01:47 37326
19:01:49 29947
19:01:51 32406
19:01:53 29412
19:01:55 30588
19:01:58 32406
19:02:00 85776 /usr/bin/harbour-sailorgram -daemon
19:02:02 88878 /usr/bin/harbour-sailorgram -daemon
19:02:04 33048
19:02:06 29412
19:02:08 33690
19:02:11 26952
19:02:13 34866
19:02:15 120109 /usr/bin/harbour-sailorgram -daemon
19:02:17 87702 /usr/bin/harbour-sailorgram -daemon
19:02:19 31230
19:02:22 29947
19:02:24 28128
19:02:26 52727
19:02:28 34866
19:02:30 45348
19:02:32 31871
19:02:34 34331
19:02:36 50267
19:02:38 33048
19:02:40 88237 /usr/bin/harbour-sailorgram -daemon
19:02:42 30588
19:02:45 30588
19:02:47 31871
19:02:49 31871
19:02:51 63102 /usr/bin/harbour-sailorgram -daemon
19:02:53 31230
19:02:55 90697 /usr/bin/harbour-sailorgram -daemon /usr/bin/jolla-camera
19:02:58 89520 /usr/bin/harbour-sailorgram -daemon
19:03:00 42887
19:03:02 36792
19:03:04 29947
19:03:06 32406
19:03:08 29947
19:03:10 96258 /usr/bin/harbour-sailorgram -daemon /usr/bin/jolla-camera
19:03:13 93156 /usr/bin/harbour-sailorgram -daemon
19:03:15 33690
19:03:17 32406
19:03:19 39251
19:03:21 28769
19:03:23 34331
19:03:25 48449
19:03:28 103638 /usr/bin/harbour-sailorgram -daemon
19:03:30 33048
19:03:32 32406
19:03:34 31871
19:03:36 90054 /usr/bin/harbour-sailorgram -daemon
19:03:38 33048
19:03:41 88878 /usr/bin/harbour-sailorgram -daemon
19:03:43 96899 /usr/bin/harbour-sailorgram -daemon
19:03:45 29947
19:03:47 35508
19:03:49 32406
19:03:51 34866
19:03:54 33048
19:03:56 29412
19:03:58 31871
19:04:00 42246
19:04:02 106633 /usr/bin/harbour-sailorgram -daemon
19:04:04 44065
19:04:06 29947
19:04:08 91338 /usr/bin/harbour-sailorgram -daemon /usr/bin/jolla-camera
19:04:11 29947
19:04:13 29412
19:04:15 33048
19:04:17 27593
19:04:19 28769
19:04:21 94440 /usr/bin/harbour-sailorgram -daemon
19:04:23 91338 /usr/bin/harbour-sailorgram -daemon
19:04:26 29412
19:04:28 37326
19:04:30 30588
19:04:32 33690
19:04:34 35508
19:04:36 33048
19:04:38 62461 /usr/bin/harbour-sailorgram -daemon /usr/bin/jolla-camera
19:04:41 30588
19:04:43 53262
19:04:45 33048
19:04:47 28128
19:04:49 29412
19:04:51 28769
19:04:53 29412
19:04:55 37326
19:04:57 31230
19:04:59 79681 /usr/bin/harbour-sailorgram -daemon /usr/bin/jolla-camera
19:05:02 35508
19:05:04 104815 /usr/bin/harbour-sailorgram -daemon
19:05:06 29412
19:05:08 40428
19:05:10 34331
19:05:12 33048
19:05:14 42246
19:05:17 37326
19:05:19 85776 /usr/bin/harbour-sailorgram -daemon
19:05:21 31230
19:05:23 115296 /usr/bin/harbour-sailorgram -daemon
19:05:25 28769
19:05:28 46524
19:05:30 30588
19:05:32 34331
19:05:34 33048
19:05:36 31230
19:05:38 26952
19:05:40 35508
19:05:42 85776 /usr/bin/harbour-sailorgram -daemon
19:05:44 29947
19:05:46 50802
19:05:49 33048
19:05:51 31871
19:05:53 30588
19:05:55 36792
19:05:57 29947
19:05:59 29412
19:06:01 33690
19:06:03 33690
19:06:05 31871
19:06:07 47166
19:06:09 33048
19:06:11 30588
19:06:13 31871
19:06:15 34866
19:06:17 87060 /usr/bin/harbour-sailorgram -daemon /usr/bin/jolla-camera
19:06:20 28769
19:06:22 37326
19:06:24 33690
19:06:26 111552 /usr/bin/harbour-sailorgram -daemon
19:06:28 94975 /usr/bin/harbour-sailorgram -daemon /usr/bin/jolla-camera
19:06:31 29412
19:06:33 33690
19:06:35 34331
19:06:37 28769
19:06:39 28128
19:06:41 34331
19:06:43 45989
19:06:45 34331
19:06:47 32406
19:06:49 33048
19:06:51 29412
19:06:54 104815 /usr/bin/harbour-sailorgram -daemon
19:06:56 47808
19:06:58 30588
19:07:00 89520 /usr/bin/harbour-sailorgram -daemon
19:07:02 33048
19:07:04 30588
19:07:07 31230
19:07:09 29412
19:07:11 50267
19:07:13 29947
19:07:15 28128
19:07:17 30588
19:07:19 88237 /usr/bin/harbour-sailorgram -daemon
19:07:21 33048
19:07:23 29412
19:07:26 36792
19:07:28 29412
19:07:30 29412
19:07:32 31871
19:07:34 29947
19:07:36 29947
19:07:38 28769
19:07:40 137970 /usr/bin/harbour-sailorgram -daemon
19:07:42 31871
19:07:44 36149
19:07:47 31230
19:07:49 31230
19:07:51 87702 /usr/bin/harbour-sailorgram -daemon
19:07:53 37326
19:07:55 44706
19:07:57 28769
19:07:59 100536 /usr/lib/buteo-plugins-qt5//oopp/syncemail-client syncemail syncemail-4 /usr/bin/harbour-sailorgram -daemon
19:08:02 309097 /usr/lib/buteo-plugins-qt5//oopp/facebook-notifications-client facebook-notifications facebook.Notifications-3 /usr/lib/buteo-plugins-qt5//oopp/syncemail-client syncemail syncemail-4
19:08:04 87702 /usr/lib/buteo-plugins-qt5//oopp/twitter-posts-client twitter-posts twitter.Posts-7 /usr/lib/buteo-plugins-qt5//oopp/twitter-notifications-client twitter-notifications twitter.Notifications-7
19:08:06 79038 /usr/bin/harbour-sailorgram -daemon
19:08:08 75402 /usr/lib/buteo-plugins-qt5//oopp/twitter-posts-client twitter-posts twitter.Posts-7 /usr/bin/harbour-sailorgram -daemon
19:08:10 215191 /usr/lib/buteo-plugins-qt5//oopp/twitter-notifications-client twitter-notifications twitter.Notifications-7 /usr/lib/buteo-plugins-qt5//oopp/twitter-posts-client twitter-posts twitter.Posts-7
19:08:13 95616 /usr/bin/harbour-sailorgram -daemon
19:08:15 75402 /usr/bin/harbour-sailorgram -daemon
19:08:17 39251
19:08:19 29947
19:08:21 75402 /usr/bin/harbour-sailorgram -daemon
19:08:23 29412
19:08:25 113371 /usr/bin/harbour-sailorgram -daemon
19:08:28 28769
19:08:30 33690
19:08:32 49626
19:08:34 31871
19:08:36 88878 /usr/bin/harbour-sailorgram -daemon
19:08:39 41604
19:08:41 30588
19:08:43 37326
19:08:45 34866
19:08:47 32406
19:08:49 41070
19:08:51 31871
19:08:53 139147 /usr/bin/harbour-sailorgram -daemon
19:08:55 34331
19:08:57 60000
19:09:00 28769
19:09:02 30588
19:09:04 91338 /usr/bin/harbour-sailorgram -daemon
19:09:06 30588
19:09:08 32406
19:09:10 32406
19:09:12 29412
19:09:14 28128
19:09:16 102355 /usr/bin/harbour-sailorgram -daemon /usr/bin/jolla-camera
19:09:19 92515 /usr/bin/harbour-sailorgram -daemon
19:09:21 60000
19:09:23 34866
19:09:25 32406
19:09:27 30588
19:09:29 31871
19:09:31 29947
19:09:34 28769
19:09:36 34331
19:09:38 33690
19:09:40 33690
19:09:42 83317 /usr/bin/harbour-sailorgram -daemon
19:09:44 39251
19:09:46 34866
19:09:48 31871
19:09:50 29412
19:09:53 149628 /usr/bin/harbour-sailorgram -daemon
19:09:55 31871
19:09:57 130591 /usr/bin/harbour-sailorgram -daemon
19:09:59 34331
19:10:01 29412
19:10:04 50267
19:10:06 33690
19:10:08 30588
19:10:10 30588
19:10:12 30588
19:10:14 27593
19:10:16 29412
19:10:18 50267
19:10:20 32406
19:10:22 91338 /usr/bin/harbour-sailorgram -daemon
19:10:25 69199 /usr/bin/harbour-sailorgram -daemon
19:10:27 29947
19:10:29 63744 /usr/bin/harbour-sailorgram -daemon
19:10:31 29412
19:10:33 106098 /usr/bin/harbour-sailorgram -daemon
19:10:36 33048
19:10:38 33048
19:10:40 32406
19:10:42 29412
19:10:44 27593
19:10:46 31871
19:10:48 35508
19:10:50 31871
19:10:52 94975 /usr/bin/harbour-sailorgram -daemon /usr/bin/jolla-camera
19:10:55 38609
19:10:57 42246
19:10:59 144066 /usr/bin/harbour-sailorgram -daemon
19:11:01 32406
19:11:03 28769
19:11:05 48877
19:11:08 26845
19:11:10 28663
19:11:12 29304
19:11:14 28128
19:11:16 29947
19:11:18 89841 /usr/bin/harbour-sailorgram -daemon
19:11:20 107595 /usr/bin/harbour-sailorgram -daemon /usr/bin/jolla-camera
19:11:23 29947
19:11:25 29947
19:11:27 30481
19:11:29 33583
19:11:31 29304
19:11:33 142997 /usr/bin/harbour-sailorgram -daemon
19:11:35 29947
19:11:37 28128
19:11:40 85563 /usr/bin/harbour-sailorgram -daemon
19:11:42 26203
19:11:44 27486
19:11:46 40320
19:11:48 86739 /usr/bin/harbour-sailorgram -daemon
19:11:51 25668
19:11:53 42139
19:11:55 86739 /usr/bin/harbour-sailorgram -daemon
19:11:57 39037
19:11:59 25026
19:12:01 81285 /usr/bin/harbour-sailorgram -daemon /usr/bin/jolla-camera
19:12:04 35401
19:12:06 31123
19:12:08 28663
19:12:10 81285 /usr/bin/harbour-sailorgram -daemon
19:12:12 28128
19:12:14 31123
19:12:16 44599
19:12:18 92943 /usr/bin/harbour-sailorgram -daemon /usr/bin/jolla-camera
19:12:21 29947
19:12:23 35401
19:12:25 91659 /usr/bin/harbour-sailorgram -daemon
19:12:27 29304
19:12:29 31123
19:12:31 29947
19:12:34 93477 /usr/bin/harbour-sailorgram -daemon
19:12:36 28663
19:12:38 80642 /usr/bin/harbour-sailorgram -daemon
19:12:40 29947
19:12:42 27486
19:12:45 29304
19:12:47 127809 /usr/bin/harbour-sailorgram -daemon
19:12:49 30481
19:12:51 30481
19:12:53 42781
19:12:55 29304
19:12:57 32406
19:12:59 95295 /usr/bin/harbour-sailorgram -daemon /usr/bin/jolla-camera
19:13:02 27486
19:13:04 43315
19:13:06 34225
19:13:08 27486
19:13:10 31123
19:13:12 32941
19:13:14 77648 /usr/bin/harbour-sailorgram -daemon
19:13:17 27486
19:13:19 53797
19:13:21 28128
19:13:23 29947
19:13:25 31764
19:13:27 28128
19:13:29 28128
19:13:31 29304
19:13:33 88022 /usr/bin/harbour-sailorgram -daemon
19:13:36 28128
19:13:38 25668
19:13:40 29304
19:13:42 32941
19:13:44 29947
19:13:46 29947
19:13:48 135082 /usr/bin/harbour-sailorgram -daemon
19:13:50 49519
19:13:52 31764
19:13:55 88665 /usr/bin/harbour-sailorgram -daemon
19:13:57 29947
19:13:59 25026
19:14:01 29304
19:14:03 29947
19:14:05 34759
19:14:07 30481
19:14:09 25668
19:14:11 44599
19:14:14 27486
19:14:16 28663
19:14:18 27486
19:14:20 87381 /usr/bin/harbour-sailorgram -daemon
19:14:22 29947
19:14:24 28128
19:14:26 32941
19:14:28 31764
19:14:30 101499 /usr/bin/harbour-sailorgram -daemon /usr/bin/jolla-camera
19:14:33 30481
19:14:35 93477 /usr/bin/harbour-sailorgram -daemon
19:14:37 29947
19:14:39 27486
19:14:41 26845
19:14:43 29947
19:14:46 88022 /usr/bin/harbour-sailorgram -daemon
19:14:48 29304
19:14:50 82461 /usr/bin/harbour-sailorgram -daemon
19:14:52 28128
19:14:54 28663
19:14:57 68450 /usr/bin/harbour-sailorgram -daemon
19:14:59 27486
19:15:01 91659 /usr/bin/harbour-sailorgram -daemon
19:15:03 30481
19:15:05 79466 /usr/bin/harbour-sailorgram -daemon
19:15:08 24385
19:15:10 28663
19:15:12 28663
19:15:14 43315
19:15:16 28663
19:15:18 31123
19:15:20 26845
19:15:22 36042
19:15:24 30481
19:15:27 23743
19:15:29 29304
19:15:31 28128
19:15:33 28128
19:15:35 27486
19:15:37 27486
19:15:39 27486
19:15:41 28663
19:15:43 26203
19:15:45 76364 /usr/bin/harbour-sailorgram -daemon
19:15:48 85563 /usr/bin/harbour-sailorgram -daemon
19:15:50 24385
19:15:52 28128
19:15:54 62889 /usr/bin/harbour-sailorgram -daemon
19:15:57 31123
19:15:59 78183 /usr/bin/harbour-sailorgram -daemon
19:16:01 28128
19:16:03 60535 /usr/bin/harbour-sailorgram -daemon
19:16:05 28128
19:16:07 93049 /usr/bin/harbour-sailorgram -daemon
19:16:10 32406
19:16:12 24491
19:16:14 26310
19:16:16 33048
19:16:18 27486
19:16:20 30588
19:16:22 33690
19:16:24 28128
19:16:26 33048
19:16:29 29304
19:16:31 28128
19:16:33 93691 /usr/bin/harbour-sailorgram -daemon
19:16:35 29947
19:16:37 110269 /usr/bin/harbour-sailorgram -daemon /usr/bin/jolla-camera
19:16:40 26952
19:16:42 31230
19:16:44 39786
19:16:46 31764
19:16:48 92515 /usr/bin/harbour-sailorgram -daemon
19:16:50 26310
19:16:52 29947
19:16:54 39144
19:16:56 27486
19:16:59 33048
19:17:01 28769
19:17:03 29304
19:17:05 28128
19:17:07 83317 /usr/bin/harbour-sailorgram -daemon
19:17:09 27486
19:17:11 27486
19:17:13 89413 /usr/bin/harbour-sailorgram -daemon /usr/bin/jolla-camera
19:17:16 28128
19:17:18 27486
19:17:20 29304
19:17:22 45882
19:17:24 28128
19:17:26 44706
19:17:28 55081
19:17:30 26952
19:17:32 27486
19:17:34 30588
19:17:36 26310
19:17:39 86311 /usr/bin/harbour-sailorgram -daemon
19:17:41 28769
19:17:43 43422
19:17:45 26310
19:17:47 28128
19:17:49 31764
19:17:51 28128
19:17:53 25668
19:17:55 32406
19:17:57 25668
19:18:00 111445 /usr/bin/harbour-sailorgram -daemon
19:18:02 45241
19:18:04 36149
19:18:06 32406
19:18:08 26310
19:18:10 26952
19:18:12 27486
19:18:14 28128
19:18:16 26310
19:18:18 25668
19:18:21 28128
19:18:23 29304
19:18:25 51444
19:18:27 31764
19:18:29 31230
19:18:31 58717
19:18:33 30588
19:18:35 29947
19:18:37 29304
19:18:39 89413 /usr/bin/harbour-sailorgram -daemon /usr/bin/jolla-camera
19:18:42 29304
19:18:44 42887
19:18:46 28769
19:18:48 29304
19:18:50 25668
19:18:52 29947
19:18:54 26310
19:18:56 33048
19:18:58 32406
19:19:00 33048
19:19:02 28769
19:19:04 88771 /usr/bin/harbour-sailorgram -daemon /usr/bin/jolla-camera
19:19:07 67380 /usr/bin/harbour-sailorgram -daemon
19:19:09 38503
19:19:11 27486
19:19:13 28769
19:19:15 105350 /usr/bin/harbour-sailorgram -daemon /usr/bin/jolla-camera
19:19:18 30588
19:19:20 36685
19:19:22 31230
19:19:24 30588
19:19:26 28769
19:19:28 26952
19:19:30 42887
19:19:32 24491
19:19:34 62461 /usr/bin/harbour-sailorgram -daemon /usr/bin/jolla-camera
19:19:37 33690
19:19:39 63102 /usr/bin/harbour-sailorgram -daemon
19:19:41 30588
19:19:43 118184 /usr/bin/harbour-sailorgram -daemon /usr/bin/jolla-camera
19:19:46 53262
19:19:48 29947
19:19:50 90589 /usr/bin/harbour-sailorgram -daemon
19:19:52 26310
19:19:54 28769
19:19:56 29304
19:19:58 29304
19:20:00 84493 /usr/bin/harbour-sailorgram -daemon /usr/bin/jolla-camera
19:20:03 29304
19:20:05 28769
19:20:07 75936 /usr/bin/harbour-sailorgram -daemon
19:20:09 83317 /usr/bin/harbour-sailorgram -daemon /usr/bin/jolla-camera
19:20:12 82675 /usr/bin/harbour-sailorgram -daemon
19:20:14 301397 /usr/bin/harbour-sailorgram -daemon
19:20:16 96793 /usr/bin/harbour-sailorgram -daemon /usr/bin/jolla-camera
19:20:19 113906 /usr/bin/harbour-sailorgram -daemon
19:20:21 89413 /usr/bin/harbour-sailorgram -daemon
19:20:24 82033 /usr/bin/harbour-sailorgram -daemon
19:20:26 87595 /usr/bin/harbour-sailorgram -daemon
19:20:28 32406
19:20:30 107167 /usr/bin/harbour-sailorgram -daemon
19:20:33 39144
19:20:35 115723 /usr/bin/harbour-sailorgram -daemon
19:20:37 93049 /usr/bin/harbour-sailorgram -daemon
19:20:40 29304
19:20:42 26310
19:20:44 86311 /usr/bin/harbour-sailorgram -daemon
19:20:46 26952
19:20:48 30588
19:20:50 25026
19:20:53 28769
19:20:55 31764
19:20:57 40428
19:20:59 66097 /usr/bin/harbour-sailorgram -daemon
19:21:01 26952
19:21:03 44706
19:21:05 29947
19:21:07 26310
19:21:09 93691 /usr/bin/harbour-sailorgram -daemon
19:21:12 85135 /usr/bin/harbour-sailorgram -daemon
19:21:14 29947
19:21:16 33048
19:21:18 31764
19:21:20 31764
19:21:23 29412
19:21:25 33048
19:21:27 29947
19:21:29 33690
19:21:31 29947
19:21:33 32406
19:21:35 83959 /usr/bin/harbour-sailorgram -daemon
19:21:37 29412
19:21:39 33048
19:21:42 83959 /usr/bin/harbour-sailorgram -daemon
19:21:44 29412
19:21:46 29412
19:21:48 65562 /usr/bin/harbour-sailorgram -daemon
19:21:50 33048
19:21:53 68022 /usr/bin/harbour-sailorgram -daemon
19:21:55 29947
19:21:57 62461 /usr/bin/harbour-sailorgram -daemon
19:21:59 106633 /usr/bin/harbour-sailorgram -daemon /usr/bin/jolla-camera
19:22:02 29947
19:22:04 30588
19:22:06 28769
19:22:08 34225
19:22:10 36149
19:22:12 30588
19:22:14 28769
19:22:16 31764
19:22:18 29412
19:22:20 27486
19:22:22 36685
19:22:25 61818 /usr/bin/harbour-sailorgram -daemon
19:22:27 89413 /usr/bin/harbour-sailorgram -daemon
19:22:29 38609
19:22:31 85776 /usr/bin/harbour-sailorgram -daemon /usr/bin/jolla-camera
19:22:34 34866
19:22:36 33048
19:22:38 32406
19:22:40 31230
19:22:42 31764
19:22:44 83959 /usr/bin/harbour-sailorgram -daemon
19:22:46 88771 /usr/bin/harbour-sailorgram -daemon
19:22:49 217545 /usr/bin/harbour-sailorgram -daemon
19:22:51 29947
19:22:53 71658 /usr/bin/harbour-sailorgram -daemon /usr/bin/jolla-camera
19:22:56 29412
19:22:58 56364
19:23:00 178934 /usr/lib/buteo-plugins-qt5//oopp/twitter-notifications-client twitter-notifications twitter.Notifications-7 /usr/lib/buteo-plugins-qt5//oopp/twitter-posts-client twitter-posts twitter.Posts-7
19:23:02 136045 /usr/bin/harbour-sailorgram -daemon
19:23:04 44706
19:23:06 74119 /usr/lib/buteo-plugins-qt5//oopp/twitter-notifications-client twitter-notifications twitter.Notifications-7 /usr/lib/buteo-plugins-qt5//oopp/twitter-posts-client twitter-posts twitter.Posts-7
19:23:08 97969 /usr/bin/harbour-sailorgram -daemon /usr/bin/jolla-camera
19:23:10 47166
19:23:13 32406
19:23:15 44065
19:23:17 29947
19:23:19 29947
19:23:21 27486
19:23:23 26952
19:23:25 32406
19:23:27 94333 /usr/bin/harbour-sailorgram -daemon
19:23:29 26952
19:23:31 34225
19:23:34 37326
19:23:36 34225
19:23:38 32406
19:23:40 36685
19:23:42 29412
19:23:44 66097 /usr/bin/harbour-sailorgram -daemon
19:23:46 30588
19:23:48 34225
19:23:50 33048
19:23:52 91232 /usr/bin/harbour-sailorgram -daemon
19:23:55 83959 /usr/bin/harbour-sailorgram -daemon
19:23:57 87595 /usr/bin/harbour-sailorgram -daemon /usr/bin/jolla-camera
19:24:00 34225
19:24:02 31230
19:24:04 32406
19:24:06 96151 /usr/bin/harbour-sailorgram -daemon
19:24:08 122568 /usr/bin/harbour-sailorgram -daemon /usr/bin/jolla-camera
19:24:11 30588
19:24:13 34866
19:24:15 87595 /usr/bin/harbour-sailorgram -daemon
19:24:17 33690
19:24:19 33690
19:24:21 31764
19:24:24 85135 /usr/bin/harbour-sailorgram -daemon
19:24:26 33690
19:24:28 110269 /usr/bin/harbour-sailorgram -daemon
19:24:30 137221 /usr/bin/harbour-sailorgram -daemon
19:24:32 46524
19:24:34 39144
19:24:36 240860 /usr/bin/harbour-sailorgram -daemon /usr/bin/jolla-camera
19:24:39 110269 /usr/bin/harbour-sailorgram -daemon
19:24:41 103531 /usr/bin/harbour-sailorgram -daemon
19:24:43 93691 /usr/bin/harbour-sailorgram -daemon
19:24:45 167276 /usr/bin/harbour-sailorgram -daemon
19:24:47 189950 /usr/bin/harbour-sailorgram -daemon /usr/bin/jolla-camera
19:24:50 100429 /usr/bin/harbour-sailorgram -daemon
19:24:52 134762 /usr/bin/harbour-sailorgram -daemon
19:24:54 31230
19:24:57 33690
19:24:59 34225
19:25:01 61818 /usr/bin/harbour-sailorgram -daemon
19:25:03 32406
19:25:05 33690
19:25:07 88237 /usr/bin/harbour-sailorgram -daemon /usr/bin/jolla-camera
19:25:10 24491
19:25:12 34866
19:25:14 37326
19:25:16 32406
19:25:18 32406
19:25:20 28128
19:25:22 29947
19:25:24 36685
19:25:26 31764
19:25:28 53262
19:25:30 31764
19:25:32 29947
19:25:34 99894 /usr/bin/harbour-sailorgram -daemon /usr/bin/jolla-camera
19:25:37 29947
19:25:39 30588
19:25:41 29947
19:25:43 33048
19:25:45 31230
19:25:47 38609
19:25:49 82033 /usr/bin/harbour-sailorgram -daemon /usr/bin/jolla-camera
19:25:52 44706
19:25:54 25668
19:25:56 102889 /usr/bin/harbour-sailorgram -daemon
19:25:58 28769
19:26:00 83959 /usr/bin/harbour-sailorgram -daemon /usr/bin/jolla-camera
19:26:03 30588
19:26:05 97969 /usr/bin/harbour-sailorgram -daemon
19:26:07 31871
19:26:09 32514
19:26:11 58289
19:26:13 31871
19:26:15 33155
19:26:17 34973
19:26:19 33690
19:26:21 36792
19:26:24 33690
19:26:26 34331
19:26:28 31230
19:26:30 38609
19:26:32 30695
19:26:34 35614
19:26:36 31230
19:26:38 30695
19:26:40 97007 /usr/bin/harbour-sailorgram -daemon
19:26:42 120964 /usr/bin/harbour-sailorgram -daemon /usr/bin/jolla-camera
19:26:45 28769
19:26:47 27593
19:26:49 31871
19:26:51 28769
19:26:53 34973
19:26:55 93905 /usr/bin/harbour-sailorgram -daemon /usr/bin/jolla-camera
19:26:58 34973
19:27:00 40535
19:27:02 31871
19:27:04 41711
19:27:06 31230
19:27:08 36792
19:27:10 52727
19:27:12 31230
19:27:14 34973
19:27:16 30695
19:27:18 36149
19:27:20 35614
19:27:22 34331
19:27:24 38609
19:27:26 33690
19:27:29 84707 /usr/bin/harbour-sailorgram -daemon
19:27:31 43530
19:27:33 87809 /usr/bin/harbour-sailorgram -daemon
19:27:35 34331
19:27:37 115403 /usr/bin/harbour-sailorgram -daemon
19:27:40 39893
19:27:42 97649 /usr/bin/harbour-sailorgram -daemon
19:27:44 31871
19:27:46 35614
19:27:48 34973
19:27:51 31230
19:27:53 36149
19:27:55 32514
19:27:57 55829
19:27:59 31871
19:28:01 98183 /usr/bin/harbour-sailorgram -daemon
19:28:03 31871
19:28:05 31230
19:28:07 31230
19:28:09 47273
19:28:12 30053
19:28:14 31871
19:28:16 31230
19:28:18 31871
19:28:20 30695
19:28:22 34973
19:28:24 31871
19:28:26 55829
19:28:28 34331
19:28:30 31230
19:28:32 32514
19:28:34 87167 /usr/bin/harbour-sailorgram -daemon /usr/bin/jolla-camera
19:28:37 34973
19:28:39 36792
19:28:41 35614
19:28:43 91445 /usr/bin/harbour-sailorgram -daemon
19:28:45 35614
19:28:47 85991 /usr/bin/harbour-sailorgram -daemon /usr/bin/jolla-camera
19:28:50 97007 /usr/bin/harbour-sailorgram -daemon
19:28:52 89627 /usr/bin/harbour-sailorgram -daemon
19:28:54 159040 /usr/bin/harbour-sailorgram -daemon /usr/bin/jolla-camera
19:28:57 82889 /usr/bin/harbour-sailorgram -daemon
19:28:59 219256 /usr/bin/harbour-sailorgram -daemon
19:29:02 222358 /usr/bin/harbour-sailorgram -daemon
19:29:04 163318 /usr/bin/harbour-sailorgram -daemon
19:29:06 244390 /usr/bin/harbour-sailorgram -daemon
19:29:08 199576 /usr/bin/harbour-sailorgram -daemon
19:29:10 159682 /usr/bin/harbour-sailorgram -daemon /usr/bin/jolla-camera
19:29:13 198399 /usr/bin/harbour-sailorgram -daemon
19:29:15 262893 /usr/bin/harbour-sailorgram -daemon
19:29:17 233374 /usr/bin/harbour-sailorgram -daemon
19:29:19 183640 /usr/bin/harbour-sailorgram -daemon /usr/bin/jolla-camera
19:29:21 201394 /usr/bin/harbour-sailorgram -daemon /usr/bin/jolla-camera
19:29:24 175619 /usr/bin/harbour-sailorgram -daemon
19:29:26 157223 /usr/bin/harbour-sailorgram -daemon
19:29:28 166420 /usr/bin/harbour-sailorgram -daemon
19:29:31 160858 /usr/bin/harbour-sailorgram -daemon
19:29:33 178720 /usr/bin/harbour-sailorgram -daemon /usr/bin/jolla-camera
19:29:36 187918 /usr/bin/harbour-sailorgram -daemon
19:29:38 178078 /usr/bin/harbour-sailorgram -daemon
19:29:40 192196 /usr/bin/harbour-sailorgram -daemon /usr/bin/jolla-camera
19:29:43 217972 /usr/bin/harbour-sailorgram -daemon
19:29:45 243214 /usr/bin/harbour-sailorgram -daemon
19:29:47 361184 /usr/bin/harbour-sailorgram -daemon
19:29:49 199576 /usr/bin/harbour-sailorgram -daemon
19:29:51 198934 /usr/bin/harbour-sailorgram -daemon /usr/bin/jolla-camera
19:29:54 253695 /usr/bin/harbour-sailorgram -daemon
19:29:56 200860 /usr/bin/harbour-sailorgram -daemon
19:29:58 196474 /usr/bin/harbour-sailorgram -daemon /usr/bin/jolla-camera
19:30:01 81605 /usr/bin/harbour-sailorgram -daemon
19:30:04 112943 /usr/bin/harbour-sailorgram -daemon
19:30:06 135725 /usr/bin/harbour-sailorgram -daemon
19:30:09 97649 /usr/bin/harbour-sailorgram -daemon
19:30:11 161501 /usr/bin/harbour-sailorgram -daemon
19:30:13 45989
19:30:15 33155
19:30:17 97649 /usr/bin/harbour-sailorgram -daemon /usr/bin/jolla-camera
19:30:20 34331
19:30:22 88985 /usr/bin/harbour-sailorgram -daemon
19:30:24 72407 /usr/bin/harbour-sailorgram -daemon /usr/bin/jolla-camera
19:30:27 49732
19:30:29 50910
19:30:31 33690
19:30:33 31871
19:30:35 36149
19:30:37 36149
19:30:39 93371 /usr/bin/harbour-sailorgram -daemon
19:30:41 77969 /usr/bin/harbour-sailorgram -daemon /usr/bin/jolla-camera
19:30:44 34331
19:30:46 41070
19:30:48 82247 /usr/bin/harbour-sailorgram -daemon
19:30:50 194656 /usr/bin/harbour-sailorgram -daemon /usr/bin/jolla-camera
19:30:52 83531 /usr/bin/harbour-sailorgram -daemon
19:30:55 88985 /usr/bin/harbour-sailorgram -daemon
19:30:57 33155
19:30:59 37433
19:31:01 194656 /usr/bin/harbour-sailorgram -daemon /usr/bin/jolla-camera
19:31:04 164602 /usr/bin/harbour-sailorgram -daemon
19:31:06 156580 /usr/bin/harbour-sailorgram -daemon
19:31:08 145672 /usr/bin/harbour-sailorgram -daemon /usr/bin/jolla-camera
19:31:11 507391 /usr/bin/harbour-sailorgram -daemon
19:31:13 126633 /usr/bin/harbour-sailorgram -daemon
19:31:15 143211 /usr/bin/harbour-sailorgram -daemon /usr/bin/jolla-camera
19:31:18 130911 /usr/bin/harbour-sailorgram -daemon
19:31:20 666005 /usr/bin/harbour-sailorgram -daemon
19:31:22 119895 /usr/bin/harbour-sailorgram -daemon /usr/bin/jolla-camera
19:31:25 129735 /usr/bin/harbour-sailorgram -daemon
19:31:27 153586 /usr/bin/harbour-sailorgram -daemon
19:31:29 213587 /usr/bin/harbour-sailorgram -daemon
19:31:32 134654 /usr/bin/harbour-sailorgram -daemon
19:31:34 301076 /usr/bin/harbour-sailorgram -daemon /usr/bin/jolla-camera
19:31:36 223427 /usr/bin/harbour-sailorgram -daemon
19:31:39 137649 /usr/bin/harbour-sailorgram -daemon
19:31:41 152409 /usr/bin/harbour-sailorgram -daemon /usr/bin/jolla-camera
19:31:44 144387 /usr/bin/harbour-sailorgram -daemon
19:31:46 130911 /usr/bin/harbour-sailorgram -daemon
19:31:48 30588
19:31:50 29947
19:31:53 32406
19:31:55 29947
19:31:57 32406
19:31:59 39144
19:32:01 69734 /usr/bin/harbour-sailorgram -daemon
19:32:03 29947
19:32:05 51337
19:32:07 26845
19:32:09 91124 /usr/bin/harbour-sailorgram -daemon /usr/bin/jolla-camera
19:32:12 29304
19:32:14 35401
19:32:16 32406
19:32:18 29947
19:32:20 30588
19:32:22 26845
19:32:24 29304
19:32:26 36685
19:32:28 34866
19:32:30 30588
19:32:32 86846 /usr/bin/harbour-sailorgram -daemon
19:32:35 31123
19:32:37 30588
19:32:39 28663
19:32:41 64172 /usr/bin/harbour-sailorgram -daemon
19:32:44 28663
19:32:46 60535 /usr/bin/harbour-sailorgram -daemon
19:32:48 36042
19:32:50 32406
19:32:52 28663
19:32:54 29304
19:32:56 28128
19:32:58 34225
19:33:00 131553 /usr/bin/harbour-sailorgram -daemon /usr/bin/jolla-camera
19:33:03 91766 /usr/bin/harbour-sailorgram -daemon
19:33:05 29304
19:33:07 25668
19:33:09 65455 /usr/bin/harbour-sailorgram -daemon /usr/bin/jolla-camera
19:33:12 27486
19:33:14 44599
19:33:16 26845
19:33:18 29304
19:33:20 37861
19:33:22 35401
19:33:24 85028 /usr/bin/harbour-sailorgram -daemon
19:33:26 29304
19:33:29 44599
19:33:31 29304
19:33:33 27486
19:33:35 86846 /usr/bin/harbour-sailorgram -daemon
19:33:37 28128
19:33:39 84387 /usr/bin/harbour-sailorgram -daemon
19:33:42 25026
19:33:44 24385
19:33:46 99681 /usr/bin/harbour-sailorgram -daemon
19:33:48 28128
19:33:50 30588
19:33:52 29947
19:33:54 86846 /usr/bin/harbour-sailorgram -daemon /usr/bin/jolla-camera
19:33:57 107061 /usr/bin/harbour-sailorgram -daemon
19:33:59 33048
19:34:01 33048
19:34:03 28663
19:34:05 27486
19:34:07 26310
19:34:09 89306 /usr/bin/harbour-sailorgram -daemon /usr/bin/jolla-camera
19:34:12 26845
19:34:14 28663
19:34:16 25668
19:34:18 31123
19:34:20 29947
19:34:22 31123
19:34:24 29304
19:34:26 31123
19:34:28 25026
19:34:30 32406
19:34:33 29304
19:34:35 91124 /usr/bin/harbour-sailorgram -daemon
19:34:37 69091 /usr/bin/harbour-sailorgram -daemon
19:34:39 31123
19:34:41 32406
19:34:44 30588
19:34:46 88130 /usr/bin/harbour-sailorgram -daemon
19:34:48 26845
19:34:50 81392 /usr/bin/harbour-sailorgram -daemon
19:34:52 27486
19:34:55 25026
19:34:57 80750 /usr/bin/harbour-sailorgram -daemon
19:34:59 26845
19:35:01 25026
19:35:03 31764
19:35:05 26845
19:35:07 30588
19:35:09 92408 /usr/bin/harbour-sailorgram -daemon /usr/bin/jolla-camera
19:35:12 35401
19:35:14 33048
19:35:16 29947
19:35:18 31764
19:35:20 107061 /usr/bin/harbour-sailorgram -daemon
19:35:22 72836 /usr/bin/harbour-sailorgram -daemon /usr/bin/jolla-camera
19:35:25 29304
19:35:27 62354 /usr/bin/harbour-sailorgram -daemon
19:35:29 36042
19:35:31 53797
19:35:33 28663
19:35:35 88665 /usr/bin/harbour-sailorgram -daemon
19:35:38 29947
19:35:40 33583
19:35:42 30588
19:35:44 26310
19:35:46 27486
19:35:48 27486
19:35:50 89948 /usr/bin/harbour-sailorgram -daemon /usr/bin/jolla-camera
19:35:53 27486
19:35:55 27486
19:35:57 29304
19:35:59 117435 /usr/bin/harbour-sailorgram -daemon
19:36:01 27486
19:36:03 33583
19:36:05 88130 /usr/bin/harbour-sailorgram -daemon /usr/bin/jolla-camera
19:36:08 27486
19:36:10 45348
19:36:12 33690
19:36:14 33690
19:36:16 31230
19:36:18 59466
19:36:20 33690
19:36:22 32514
19:36:24 91980 /usr/bin/harbour-sailorgram -daemon /usr/bin/jolla-camera
19:36:27 32514
19:36:29 34331
19:36:31 91338 /usr/bin/harbour-sailorgram -daemon
19:36:33 85242 /usr/bin/harbour-sailorgram -daemon /usr/bin/jolla-camera
19:36:36 39251
19:36:38 32514
19:36:40 33048
19:36:42 37968
19:36:44 35508
